R00209 : C00010 C00022 C00003 : C00004 C00011 C00024 C00080
R00210 : C00010 C00022 C00006 : C00080 C00011 C00024 C00005
R00226 : C06010 C00011 : C00022
R00258 : C00041 C00026 : C00025 C00022
R00259 : C00025 C00024 : C00010 C00624
R00265 : C00026 C00010 C00006 : C00091 C00080 C00011 C00005
R00267 : C00311 C00006 : C00080 C00026 C00011 C00005
R00268 : C05379 : C00026 C00011
R00271 : C00001 C00026 C00024 : C00010 C01251
R00351 : C00010 C00158 : C00001 C00036 C00024
R00355 : C00026 C00049 : C00025 C00036
R00369 : C00041 C00048 : C00022 C00037
R00400 : C00041 C00036 : C00049 C00022
R00480 : C00049 C00002 : C00008 C03082
R00669 : C00001 C00437 : C00033 C00077
R00694 : C00026 C00079 : C00025 C00166
R00709 : C00311 C00003 : C00004 C00026 C00011 C00080
R00734 : C00026 C00082 : C01179 C00025
R00994 : C00004 C00109 C00011 C00080 : C00003 C06032
R01090 : C00026 C00123 : C00233 C00025
R01196 : C00138 C00011 C00024 C00080 : C00010 C00139 C00022
R01197 : C00091 C00138 C00011 C00080 : C00026 C00010 C00139
R01199 : C00109 C00010 C00139 : C00080 C00138 C00011 C00100
R01210 : C00141 C00010 C00003 : C00004 C00011 C00630 C00080
R01213 : C02504 C00010 : C00141 C00001 C00024
R01214 : C00026 C00183 : C00141 C00025
R01324 : C00158 : C00311
R01325 : C00158 : C00001 C00417
R01651 : C00233 C00010 C00003 : C00004 C00011 C02939 C00080
R01652 : C00233 C00011 : C04236
R01899 : C00311 C00006 : C05379 C00080 C00005
R01900 : C00311 : C00001 C00417
R01933 : C00322 C00010 C00003 : C00004 C00527 C00011 C00080
R01934 : C05662 C00003 : C00004 C00322 C00011 C00080
R01936 : C05533 : C00322 C00011
R01939 : C00956 C00026 : C00025 C00322
R02199 : C00407 C00026 : C00025 C00671
R02282 : C00025 C00437 : C00624 C00077
R02283 : C00026 C00437 : C00025 C01250
R02291 : C00009 C00006 C00441 : C00080 C03082 C00005
R02649 : C00002 C00624 : C04133 C00008
R02948 : C06010 : C00810 C00011
R03171 : C00671 C00003 C00010 : C00004 C00011 C15980 C00080
R03213 : C00029 C03719 : C01069 C00015
R03214 : C00053 C01069 : C02153 C00054
R03443 : C00009 C00006 C01250 : C04133 C00080 C00005
R03444 : C01251 : C00001 C04002
R03896 : C02612 : C00001 C02226
R03898 : C00001 C02226 : C06032
R03968 : C02504 : C00001 C02631
R04001 : C04411 : C00001 C02631
R04371 : C05662 : C00001 C04002
R04426 : C04411 C00003 : C00004 C04236 C00080
R04440 : C00006 C04272 : C00080 C04181 C00005
R04441 : C04272 : C00141 C00001
R04862 : C05662 C00003 : C00004 C05533 C00080
R05068 : C06007 C00006 : C00080 C14463 C00005
R05069 : C06006 : C14463
R05070 : C06007 : C00001 C00671
R05071 : C06010 : C04181
R06977 : C00025 C00441 : C00026 C03283
R07160 : C00141 C00010 C00139 : C00138 C00011 C00630 C00080
R07399 : C00001 C00022 C00024 : C02612 C00010
R08160 : C00078 C00007 C03024 : C00001 C02937 C00011 C03161
R08164 : C00029 C16516 : C00015 C16517
R08167 : C00053 C16517 : C00054 C05837
R08168 : C02937 C00080 C00005 C00097 C00007 : C00001 C00006 C16518
R08170 : C00001 C16518 : C00022 C16516 C00014
R08214 : C16597 C00003 : C00004 C00011 C16588 C00080
R08215 : C16600 C00003 : C00004 C16589 C00011 C00080
R08331 : C00001 C00322 C00024 : C00010 C16583
R08332 : C00001 C16588 C00024 : C16598 C00010
R08549 : C00026 C00010 C00003 : C00091 C00004 C00011 C00080
R08566 : C00233 C00010 C00139 : C00011 C02939 C00138 C00080
R08567 : C00671 C00139 C00010 : C00138 C00011 C15980 C00080
R08618 : C00161 C00073 : C00151 C01180
R08619 : C00001 C00024 C01180 : C00010 C17210
R08620 : C17210 : C17212
R08621 : C00003 C17212 : C00004 C00080 C00011 C17211
R08622 : C00151 C17211 : C00161 C17213
R08623 : C00001 C00024 C17211 : C17214 C00010
R08624 : C17214 : C17215
R08625 : C17215 C00003 : C00004 C17216 C00011 C00080
R08626 : C17216 C00151 : C00161 C17217
R08627 : C00001 C17216 C00024 : C00010 C17218
R08628 : C17218 : C17219
R08629 : C17219 C00003 : C00004 C17220 C00011 C00080
R08630 : C17220 C00151 : C00161 C17221
R08631 : C00001 C17220 C00024 : C17222 C00010
R08634 : C17222 : C17223
R08636 : C17223 C00003 : C00004 C00080 C00011 C17224
R08638 : C00151 C17224 : C00161 C17225
R08640 : C00001 C00024 C17224 : C17226 C00010
R08641 : C17226 : C17227
R08642 : C17227 C00003 : C00004 C00011 C17228 C00080
R08643 : C17228 C00151 : C00161 C17229
R08644 : C00001 C17228 C00024 : C00010 C17230
R08645 : C17230 : C17231
R08646 : C17231 C00003 : C00004 C00011 C17232 C00080
R08647 : C00151 C17232 : C00161 C17233
R08648 : C00109 C00022 : C06006 C00011
R08654 : C00001 C17237 : C00022 C03719 C00014
R08655 : C00080 C17235 C00007 C00005 : C00001 C00011 C00006 C17236
R08660 : C00001 C17238 : C17239 C00022 C00014
R08661 : C17239 C00029 : C17240 C00015
R08662 : C00053 C17240 : C00054 C08426
R08663 : C00183 C00007 C03024 : C00001 C03219 C00011 C03161
R08664 : C00080 C00123 C00007 C00005 : C17255 C00001 C00006 C00011
R08665 : C17213 C00007 C03024 : C00001 C00011 C17241 C03161
R08666 : C00097 C17241 C00007 C03024 : C17242 C00001 C03161
R08667 : C17242 C00001 : C00022 C17243 C00014
R08668 : C00029 C17243 : C17244 C00015
R08669 : C17244 C00053 : C00054 C08412
R08670 : C17217 C00007 C03024 : C00001 C00011 C03161 C17245
R08671 : C00053 C17248 : C00054 C08409
R08672 : C03024 C00007 C17221 : C00001 C17246 C00011 C03161
R08673 : C00007 C17225 C03024 : C00001 C17249 C00011 C03161
R08674 : C17229 C00007 C03024 : C00001 C00011 C03161 C17251
R08675 : C00007 C17233 C03024 : C17253 C00011 C03161 C00001
R09403 : C00407 C00007 C03024 : C00001 C00011 C19491 C03161
R09578 : C03024 C00007 C00079 : C00001 C00011 C19714 C03161
R09720 : C01251 : C05662
R09775 : C00956 C00002 C19885 : C00009 C00008 C19886
R09776 : C00002 C19886 : C19887 C00008
R09777 : C19887 C00080 C00005 : C00009 C19888 C00006
R09778 : C00025 C19888 : C00026 C19889
R09779 : C00001 C19889 : C00047 C19885
R10052 : C04411 C00003 : C00233 C00004 C00011 C00080
R10170 : C04411 : C02504
R10391 : C16583 : C16597
R10392 : C16583 : C00001 C20581
R10393 : C00001 C20581 : C16597
R10394 : C16598 : C16600
R10395 : C16598 : C00001 C20582
R10396 : C00001 C20582 : C16600
R10499 : C00161 C00079 : C00151 C00166
R10500 : C00001 C00024 C00166 : C20653 C00010
R10501 : C20653 : C20654
R10502 : C20654 C00003 : C00004 C20327 C00011 C00080
R10503 : C20327 C00151 : C17235 C00161
R10670 : C00080 C00005 C00097 C19714 C00007 : C00001 C17237 C00006
R10671 : C00082 C00007 C03024 : C00001 C00011 C03161 C04350
R10672 : C00080 C00005 C04350 C00097 C00007 : C00001 C17238 C00006
R10929 : C00025 C00002 C19885 : C00009 C00008 C20948
R10930 : C00002 C20948 : C00008 C20949
R10931 : C00080 C20949 C00005 : C00009 C00006 C20950
R10932 : C00025 C20950 : C20951 C00026
R10933 : C00001 C20951 : C19885 C00077
R10991 : C02356 C00026 : C00025 C00109
R10992 : C00041 C00109 : C02356 C00022
R13177 : C00810 C00010 C00003 : C00084 C00004 C00024 C00080
