R00014 : C00068 C00022 : C05125 C00011
R00268 : C05379 : C00026 C00011
R00341 : C00002 C00036 : C00008 C00011 C00074
R00342 : C00149 C00003 : C00004 C00080 C00036
R00344 : C00288 C00002 C00022 : C00008 C00009 C00036
R00351 : C00158 C00010 : C00024 C00001 C00036
R00352 : C00158 C00010 C00002 : C00008 C00009 C00036 C00024
R00361 : C00149 C15602 : C15603 C00036
R00405 : C00042 C00010 C00002 : C00008 C00009 C00091
R00431 : C00044 C00036 : C00011 C00074 C00035
R00432 : C00044 C00010 C00042 : C00009 C00091 C00035
R00621 : C00026 C00068 : C05381 C00011
R00709 : C00311 C00003 : C00004 C00026 C00080 C00011
R00726 : C00036 C00081 : C00011 C00104 C00074
R00727 : C00042 C00010 C00081 : C00009 C00104 C00091
R01082 : C00149 : C00001 C00122
R01196 : C00024 C00080 C00138 C00011 : C00010 C00139 C00022
R01197 : C00011 C00080 C00138 C00091 : C00010 C00026 C00139
R01325 : C00158 : C00417 C00001
R01899 : C00311 C00006 : C00005 C00080 C05379
R01900 : C00311 : C00417 C00001
R02164 : C00042 C15602 : C15603 C00122
R02569 : C00024 C15973 : C16255 C00010
R02570 : C15973 C00091 : C00010 C16254
R03270 : C05125 C15972 : C16255 C00068
R03316 : C05381 C15972 : C16254 C00068
R07618 : C15973 C00003 : C00004 C15972 C00080
R10343 : C00033 C00091 : C00042 C00024
R13137 : C00042 C00125 : C00126 C00122
