R00005 : C00001 C01010 : C00011 C00014
R00008 : C06033 : C00022
R00021 : C00025 C00139 : C00026 C00138 C00080 C00064
R00024 : C01182 C00001 C00011 : C00197
R00036 : C00430 : C00001 C00931
R00059 : C00001 C01255 : C02378
R00084 : C00001 C00931 : C00014 C01024
R00093 : C00025 C00003 : C00026 C00080 C00004 C00064
R00114 : C00025 C00006 : C00026 C00080 C00005 C00064
R00131 : C00001 C00086 : C00011 C00014
R00134 : C00058 C00006 : C00080 C00011 C00005
R00148 : C00390 C00007 C00014 : C00192 C00001 C00399
R00149 : C00002 C00001 C00011 C00014 : C00009 C00008 C00169
R00150 : C00002 C00288 C00014 : C00001 C00008 C00169
R00199 : C00002 C00001 C00022 : C00009 C00074 C00020
R00200 : C00002 C00022 : C00008 C00074
R00206 : C00002 C00009 C00022 : C00074 C00013 C00020
R00209 : C00003 C00022 C00010 : C00004 C00011 C00024 C00080
R00212 : C00058 C00024 : C00022 C00010
R00214 : C00149 C00003 : C00004 C00011 C00022 C00080
R00216 : C00149 C00006 : C00080 C00011 C00022 C00005
R00228 : C00010 C00003 C00084 : C00004 C00080 C00024
R00229 : C00002 C00033 C00010 : C00009 C00024 C00008
R00230 : C00009 C00024 : C00227 C00010
R00235 : C00002 C00033 C00010 : C00024 C00013 C00020
R00237 : C01011 : C00022 C00024
R00238 : C00024 : C00332 C00010
R00243 : C00001 C00025 C00003 : C00026 C00080 C00004 C00014
R00248 : C00001 C00025 C00006 : C00026 C00080 C00005 C00014
R00253 : C00002 C00025 C00014 : C00009 C00008 C00064
R00258 : C00026 C00041 : C00025 C00022
R00261 : C00025 : C00011 C00334
R00262 : C03618 : C00025
R00267 : C00311 C00006 : C00026 C00011 C00005 C00080
R00268 : C05379 : C00026 C00011
R00271 : C00026 C00001 C00024 : C00010 C01251
R00294 : C00533 C00126 C00080 : C00887 C00125 C00001
R00295 : C01861 C00001 C00028 C01328 : C00030 C11481
R00315 : C00002 C00033 : C00227 C00008
R00318 : C00001 C05682 : C00009 C00033
R00341 : C00002 C00036 : C00011 C00008 C00074
R00342 : C00149 C00003 : C00004 C00080 C00036
R00343 : C00149 C00006 : C00080 C00005 C00036
R00344 : C00002 C00022 C00288 : C00009 C00008 C00036
R00345 : C00009 C00036 : C00001 C00011 C00074
R00350 : C04115 : C00022 C00036
R00351 : C00010 C00158 : C00001 C00024 C00036
R00352 : C00002 C00010 C00158 : C00009 C00024 C00008 C00036
R00354 : C00566 : C00024 C00036
R00355 : C00026 C00049 : C00025 C00036
R00361 : C00149 C15602 : C15603 C00036
R00402 : C00003 C00042 : C00004 C00122 C00080
R00405 : C00002 C00010 C00042 : C00009 C00008 C00091
R00406 : C00149 C00091 : C04348 C00042
R00431 : C00044 C00036 : C00011 C00035 C00074
R00448 : C00080 C00005 C00007 C00047 : C01028 C00001 C00006
R00449 : C00007 C00047 : C00001 C00011 C00990
R00451 : C00680 : C00011 C00047
R00460 : C00047 : C00739
R00462 : C00047 : C01672 C00011
R00465 : C00160 C00006 : C00048 C00080 C00005
R00469 : C00603 C00001 : C00048 C00011 C00014
R00472 : C00149 C00010 : C00001 C00048 C00024
R00473 : C04348 : C00048 C00024
R00475 : C00160 C00007 : C00048 C00027
R00476 : C00160 C00028 : C00048 C00030
R00479 : C00311 : C00048 C00042
R00480 : C00002 C00049 : C00008 C03082
R00508 : C00001 C00053 : C00009 C00224
R00509 : C00002 C00224 : C00008 C00053
R00519 : C00058 C00003 : C00004 C00080 C00011
R00527 : C00001 C01031 : C00058 C00051
R00528 : C00001 C00094 C00125 : C00059 C00126 C00080
R00529 : C00002 C00059 : C00224 C00013
R00530 : C00059 C00008 : C00009 C00224
R00533 : C00001 C00094 C00007 : C00059 C00027
R00582 : C00001 C01005 : C00009 C00065
R00586 : C00024 C00065 : C00979 C00010
R00588 : C00048 C00065 : C00037 C00168
R00603 : C00001 C02271 : C00067 C01327
R00604 : C00001 C00003 C00067 : C00058 C00080 C00004
R00605 : C00132 C00003 : C00004 C00067 C00080
R00606 : C00001 C19671 C00218 : C00080 C00067 C19672 C00014
R00608 : C00132 C00007 : C00067 C00027
R00609 : C00001 C00028 C01046 : C00025 C00067 C00030
R00614 : C00001 C00067 : C00058 C00132
R00658 : C00631 : C00001 C00074
R00661 : C00074 : C02798
R00703 : C00003 C00186 : C00004 C00080 C00022
R00704 : C00003 C00256 : C00004 C00080 C00022
R00709 : C00311 C00003 : C00026 C00011 C00080 C00004
R00710 : C00001 C00003 C00084 : C00004 C00080 C00033
R00711 : C00001 C00006 C00084 : C00080 C00033 C00005
R00713 : C00001 C00003 C00232 : C00004 C00080 C00042
R00714 : C00001 C00232 C00006 : C00080 C00005 C00042
R00717 : C00160 C00003 : C00004 C00048 C00080
R00726 : C00081 C00036 : C00104 C00011 C00074
R00727 : C00010 C00081 C00042 : C00104 C00009 C00091
R00740 : C00222 C00006 C00010 : C00083 C00080 C00005
R00742 : C00002 C00024 C00288 : C00083 C00009 C00008
R00746 : C00006 C00469 : C00080 C00005 C00084
R00747 : C03167 C00001 : C00009 C00084
R00750 : C00022 C00084 : C03589
R00751 : C00188 : C00037 C00084
R00754 : C00003 C00469 : C00004 C00080 C00084
R00756 : C00002 C00085 : C00354 C00008
R00761 : C00085 C00009 : C00279 C00001 C00227
R00762 : C00354 C00001 : C00085 C00009
R00764 : C00085 C00013 : C00354 C00009
R00778 : C00086 : C00001 C01566
R00783 : C00533 C00001 C00125 : C00126 C00080 C00088
R00785 : C00533 C00001 C05357 : C05358 C00080 C00088
R00787 : C00001 C00003 C00014 : C00004 C00080 C00088
R00789 : C00001 C00006 C00014 : C00080 C00088 C00005
R00790 : C00001 C00139 C00014 : C00138 C00080 C00088
R00791 : C00001 C00139 C00088 : C00138 C00244
R00794 : C00001 C00003 C00088 : C00004 C00080 C00244
R00796 : C00001 C00088 C00006 : C00080 C00005 C00244
R00798 : C00001 C00028 C00088 : C00030 C00244
R00812 : C00003 C04091 : C00004 C00090 C00080
R00813 : C00003 C06321 : C00004 C00090 C00011 C00080
R00815 : C00146 C00080 C00007 C00005 : C00001 C00090 C00006
R00816 : C00090 C00007 : C00682
R00817 : C00090 C00007 : C02480
R00818 : C00004 C00080 C00805 C00007 : C00001 C00090 C00011 C00003
R00821 : C00196 : C00090 C00011
R00823 : C00004 C00080 C00108 C00007 : C00090 C00011 C00003 C00014
R00825 : C00080 C00108 C00007 C00005 : C00090 C00011 C00006 C00014
R00829 : C00024 C00091 : C02232 C00010
R00833 : C01213 : C00091
R00858 : C00001 C00283 C00006 : C00094 C00080 C00005
R00859 : C00001 C00139 C00283 : C00094 C00080 C00138
R00861 : C00001 C02582 C00028 C00283 : C00094 C00080 C00030 C02315
R00866 : C00002 C00095 : C01094 C00008
R00897 : C00979 C00283 : C00097 C00033
R00919 : C00006 C00100 : C00080 C00005 C00894
R00934 : C00048 C00100 : C06027
R00943 : C00058 C00101 C00002 : C00009 C00008 C00234
R00945 : C00001 C00037 C00143 : C00101 C00065
R00947 : C00001 C00103 : C00267 C00009
R00959 : C00103 : C00668
R00980 : C00080 C00108 C00007 C00005 : C00006 C00196 C00014
R00982 : C00002 C00108 C00010 : C02247 C00013 C00020
R01011 : C00002 C00184 : C00111 C00008
R01015 : C00118 : C00111
R01016 : C00111 : C00009 C00546
R01033 : C00004 C02357 C00007 : C00090 C00698 C00003 C00011
R01049 : C00002 C00117 : C00020 C00119
R01056 : C00117 : C00199
R01058 : C00118 C00001 C00006 : C00197 C00080 C00005
R01061 : C00118 C00003 C00009 : C00004 C00080 C00236
R01063 : C00118 C00009 C00006 : C00080 C00236 C00005
R01067 : C00118 C00085 : C00279 C00231
R01068 : C00354 : C00118 C00111
R01082 : C00149 : C00001 C00122
R01085 : C00001 C02514 : C00122 C00022
R01087 : C01384 : C00122
R01142 : C00004 C00080 C00007 C01438 : C00001 C00132 C00003
R01146 : C00132 C18233 : C00080 C18234 C00067
R01171 : C00136 C00003 : C00004 C00080 C00877
R01172 : C01412 C00003 C00010 : C00004 C00136 C00080
R01175 : C00136 C00016 : C01352 C00877
R01183 : C00003 C00137 : C00004 C00691 C00080
R01196 : C00080 C00138 C00011 C00024 : C00139 C00022 C00010
R01197 : C00080 C00138 C00011 C00091 : C00026 C00139 C00010
R01220 : C00143 C00006 : C00445 C00005
R01224 : C00440 C00006 : C00080 C00143 C00005
R01238 : C00156 : C00146 C00011
R01256 : C00002 C00149 C00010 : C04348 C00009 C00008
R01293 : C00633 C00003 C00001 : C00004 C00080 C00156
R01294 : C00633 C00001 C00006 : C00080 C00156 C00005
R01295 : C03024 C00180 C00007 : C00001 C03161 C00156
R01296 : C00004 C00080 C00156 C00007 : C00001 C00003 C00230
R01297 : C00004 C00080 C00156 C00007 : C00001 C00003 C00530 C00011
R01298 : C00080 C00005 C00156 C00007 : C00001 C00230 C00006
R01299 : C00080 C00005 C00156 C00007 : C00001 C00530 C00011 C00006
R01300 : C00002 C00156 C00010 : C02949 C00013 C00020
R01301 : C00001 C02949 : C00156 C00010
R01305 : C13635 C00007 : C00058 C00156
R01306 : C02519 C00030 C00007 : C00001 C00028 C00067 C00156
R01322 : C00002 C00010 C00158 : C00566 C00009 C00008
R01325 : C00158 : C00417 C00001
R01333 : C00001 C00003 C00266 : C00004 C00160 C00080
R01355 : C03652 : C00163 C00022
R01364 : C00122 C00164 : C00001 C01061
R01388 : C00003 C00258 : C00004 C00080 C00168
R01419 : C00261 C00001 C00003 : C00004 C00080 C00180
R01420 : C00261 C00001 C00006 : C00080 C00180 C00005
R01421 : C00001 C06206 : C00009 C00180
R01422 : C00002 C00180 C00010 : C00512 C00013 C00020
R01427 : C00180 : C00587
R01440 : C00231 C00067 : C00118 C00184
R01446 : C00001 C00003 C00424 : C00004 C00186 C00080
R01459 : C00187 C00007 : C00599 C00027
R01466 : C01102 C00001 : C00009 C00188
R01507 : C00196 C00007 : C04480
R01508 : C00587 C00030 C00007 : C00001 C00028 C00196
R01512 : C00002 C00197 : C00008 C00236
R01513 : C00197 C00003 : C00004 C00080 C03232
R01518 : C00631 : C00197
R01519 : C00001 C00198 : C00257
R01520 : C00003 C00221 : C00004 C00080 C00198
R01521 : C00221 C00006 : C00080 C00005 C00198
R01522 : C00221 C00007 : C00027 C00198
R01523 : C00002 C00199 : C01182 C00008
R01528 : C00345 C00006 : C00080 C00199 C00011 C00005
R01529 : C00199 : C00231
R01538 : C00257 : C00001 C00204
R01541 : C00002 C00204 : C00008 C04442
R01586 : C00025 C00218 : C01046 C00014
R01588 : C00001 C00543 C04253 : C04570 C00067 C00218
R01600 : C00002 C00221 : C01172 C00008
R01602 : C00267 : C00221
R01628 : C00587 C00080 C00007 C00005 : C00001 C00230 C00006
R01629 : C00004 C00080 C00230 C00007 : C00001 C00003 C00011 C02814
R01630 : C00080 C00230 C00007 C00005 : C00001 C00011 C00006 C02814
R01631 : C00230 C00007 : C01163
R01632 : C00230 C00007 : C04484
R01633 : C06318 C00003 : C00004 C00011 C00230 C00080
R01634 : C03223 : C00011 C00230
R01635 : C03233 : C00011 C00230
R01636 : C00004 C00080 C02236 C00007 : C00094 C00003 C00230
R01641 : C00118 C05382 : C00231 C00117
R01647 : C00022 C00232 : C06201
R01648 : C00026 C00334 : C00025 C00232
R01649 : C00001 C01215 : C00011 C00232 C00033 C00014
R01655 : C00445 C00001 : C00080 C00234
R01707 : C00003 C00250 : C00004 C00080 C00971
R01708 : C00314 C00006 : C00080 C00250 C00005
R01709 : C00001 C00250 C00007 : C00027 C00847
R01710 : C00001 C00534 C00007 : C00027 C00250 C00014
R01711 : C00314 C00007 : C00250 C00027
R01712 : C00022 C00534 : C00041 C00250
R01713 : C00534 C00036 : C00049 C00250
R01720 : C00001 C00253 C00006 : C00080 C00005 C01020
R01737 : C00002 C00257 : C00008 C00345
R01739 : C00257 C00006 : C00080 C06473 C00005
R01741 : C00016 C00257 : C01352 C06473
R01763 : C00556 C00003 : C00261 C00080 C00004
R01764 : C02137 : C00261 C00011
R01771 : C00002 C00263 : C01102 C00008
R01773 : C00003 C00263 : C00004 C00441 C00080
R01775 : C00263 C00006 : C00441 C00080 C00005
R01781 : C00003 C01380 : C00004 C00266 C00080
R01786 : C00002 C00267 : C00008 C00668
R01829 : C00447 : C00279 C00111
R01834 : C00028 C00674 : C00030 C00280
R01836 : C00535 C00003 : C00004 C00080 C00280
R01838 : C00535 C00006 : C00080 C00005 C00280
R01845 : C00001 C00447 : C00009 C05382
R01859 : C00002 C00288 C00100 : C00009 C00683 C00008
R01899 : C00311 C00006 : C00080 C05379 C00005
R01900 : C00311 : C00417 C00001
R01930 : C01861 C00001 : C00059 C00320
R01931 : C00177 C00320 : C00094 C01755
R01934 : C00003 C05662 : C00004 C00011 C00322 C00080
R01939 : C00026 C00956 : C00025 C00322
R01975 : C01144 C00003 : C00332 C00080 C00004
R01976 : C01144 C00006 : C00332 C00080 C00005
R01977 : C03561 C00006 : C00332 C00080 C00005
R02021 : C00342 C00053 : C00094 C00054 C00343
R02032 : C00003 C00345 : C00004 C01218 C00080
R02034 : C00345 C00006 : C01218 C00080 C00005
R02035 : C00001 C01236 : C00345
R02036 : C00345 : C00001 C04442
R02103 : C00001 C00003 C00385 : C00004 C00366 C00080
R02106 : C00001 C00366 C00007 : C11821 C00027
R02164 : C15602 C00042 : C00122 C15603
R02187 : C00404 C00221 : C00404 C01172
R02189 : C00404 C00267 : C00404 C00668
R02201 : C00003 C00408 : C00004 C00080 C04092
R02203 : C00408 C00006 : C00080 C04092 C00005
R02204 : C00408 C00007 : C00450 C00027
R02229 : C00004 C00080 C00414 : C00854 C00003
R02231 : C00080 C00414 C00007 C00005 : C00001 C01880 C00006
R02233 : C00001 C00571 C00007 : C00014 C00414 C00027
R02252 : C05629 C00003 : C00004 C00423 C00080
R02254 : C00423 C00080 C00007 C00005 : C00001 C00006 C01772
R02261 : C03979 : C00022 C00424
R02262 : C01099 : C00111 C00424
R02263 : C01131 : C00111 C00424
R02272 : C00430 : C03741
R02273 : C00001 C00990 : C00431 C00014
R02274 : C00431 C00026 : C00025 C03273
R02291 : C00441 C00009 C00006 : C00080 C03082 C00005
R02317 : C00001 C00450 : C04076
R02401 : C00001 C00003 C03273 : C00004 C00080 C00489
R02422 : C00001 C00499 : C00603 C00086
R02423 : C00001 C00499 : C00014 C00011 C02091
R02425 : C00001 C02350 : C00499
R02437 : C00507 : C00861
R02438 : C00507 : C02431
R02451 : C00002 C00001 C00138 C00512 : C00009 C00139 C06322 C00008
R02468 : C03024 C00521 C00007 : C00001 C00964 C03161
R02488 : C04253 C00527 : C04570 C00011 C00877
R02489 : C00628 : C00530 C00011
R02492 : C00533 C00080 C00004 : C00887 C00001 C00003
R02511 : C00565 C00001 C04253 : C04570 C00067 C00543
R02512 : C01104 : C00067 C00543
R02514 : C00004 C00642 C00080 C00007 : C00001 C00003 C00544
R02516 : C00642 C00080 C00007 C00005 : C00001 C00544 C00006
R02517 : C05593 C00080 C00007 C00005 : C00001 C00544 C00006
R02518 : C00005 C00544 C00007 : C00001 C00080 C00011 C05585 C00006
R02519 : C00544 C00007 : C01036
R02520 : C00544 C00007 : C00001 C00011 C05585
R02536 : C00601 C00001 C00003 : C00004 C07086 C00080
R02537 : C00601 C00001 C00006 : C07086 C00080 C00005
R02539 : C00002 C07086 C00010 : C00013 C00020 C00582
R02540 : C00001 C02505 : C07086 C00014
R02550 : C00556 C00139 C00001 : C00138 C00080 C01455 C00007
R02560 : C00565 C00001 C00125 : C01104 C00126 C00080
R02561 : C00568 C00080 C00007 C00004 : C00001 C00003 C00011 C02372
R02562 : C00568 C00080 C00007 C00005 : C00001 C00011 C02372 C00006
R02564 : C00001 C02824 : C00059 C00571
R02568 : C01094 : C00111 C00577
R02589 : C00587 C00080 C00007 C00004 : C00001 C00003 C00628
R02601 : C00596 C00001 : C03589
R02602 : C03453 : C00596 C00011
R02603 : C00596 C00042 : C00001 C04479
R02604 : C00596 C00058 : C00682 C00001
R02606 : C00001 C01273 : C00596 C00180
R02655 : C00001 C00003 C05585 : C00004 C00628 C00080
R02656 : C00628 C00007 : C02167
R02657 : C00628 C00027 : C00001 C05585 C00007
R02658 : C00002 C06473 : C01218 C00008
R02672 : C03590 : C00633 C00011
R02673 : C03198 C00007 : C00633 C00011 C00027
R02675 : C01468 C00001 C05357 : C05358 C00633 C00080
R02698 : C00004 C00642 C00080 C00007 : C00001 C01161 C00003
R02734 : C00001 C04421 : C00666 C00042
R02735 : C00666 : C00680
R02736 : C01172 C00006 : C00080 C01236 C00005
R02739 : C00668 : C01172
R02762 : C00682 C00001 C00003 : C00004 C00080 C02501
R02763 : C00682 C00011 : C04480
R02765 : C01213 : C00683
R02782 : C00691 : C00001 C04287
R02804 : C00125 C00001 C00697 : C00887 C00126 C00080
R02851 : C00161 C00739 : C03239 C00405
R02860 : C00745 C00001 C00028 : C01056 C00030
R02861 : C00745 C00011 C00080 : C00253 C06178
R02877 : C06317 C00007 : C00755 C00027
R02935 : C00603 C00003 : C00004 C00080 C00802
R02936 : C00603 C00006 : C00080 C00802 C00005
R02937 : C01444 C00169 : C00009 C00802
R02941 : C06202 C00003 C00001 : C00004 C00080 C00805
R02963 : C00827 : C00001 C00894
R02968 : C00004 C00080 C00829 C00007 : C04314 C00003
R02986 : C00002 C01546 C00010 : C00845 C00013 C00020
R02987 : C00001 C00028 C00845 : C03724 C00030
R02988 : C00003 C00846 : C00004 C02222 C00080
R02989 : C00846 C00006 : C02222 C00080 C00005
R02990 : C00846 C00091 : C02232 C00042
R02991 : C00001 C03586 : C00846
R02992 : C00001 C00971 : C00847
R02993 : C00028 C00847 : C00030 C06050
R03014 : C00002 C00861 : C00008 C01131
R03015 : C01001 C00001 C00139 : C00080 C00138 C00011 C00862
R03023 : C00004 C00870 C00080 C00007 : C00001 C00003 C02235
R03024 : C00001 C03360 : C00870 C00009
R03025 : C00282 C00876 : C01080
R03026 : C01144 : C00001 C00877
R03027 : C03561 : C00001 C00877
R03028 : C02411 : C00011 C00877
R03033 : C00880 : C01216 C00001
R03045 : C05668 : C00001 C00894
R03069 : C00001 C00922 : C03652
R03070 : C02295 : C00922
R03102 : C00001 C00003 C04076 : C00004 C00956 C00080
R03103 : C00001 C04076 C00006 : C00956 C00080 C00005
R03114 : C00964 C00006 : C01767 C00080 C00005
R03157 : C00009 C05668 C00008 : C00010 C00002 C01013
R03163 : C01019 : C01721
R03164 : C00138 C01020 : C04226 C00139
R03165 : C01024 : C00001 C01051
R03168 : C01028 C00024 : C03955 C00010
R03181 : C01036 : C01061
R03194 : C00019 C01051 : C00021 C02463
R03232 : C00095 C04261 : C01094 C00615
R03241 : C00002 C01721 : C00008 C01099
R03244 : C01101 : C03291
R03247 : C01424 : C01108 C00011
R03278 : C01147 C00003 : C06105 C00080 C00004
R03279 : C03739 C00003 : C00004 C01147 C00080
R03303 : C01161 C00007 : C04642
R03306 : C00004 C03077 C00007 C00080 : C01161 C00003 C01327
R03307 : C01278 : C01163
R03308 : C04553 : C01163
R03369 : C00004 C00080 C00007 C01198 : C04044 C00001 C00003
R03385 : C00004 C00080 C01270 C00007 : C00003 C01215
R03386 : C00080 C00005 C01270 C00007 : C01215 C00006
R03390 : C01001 C01217 : C01274 C00862
R03444 : C01251 : C00001 C04002
R03448 : C04277 C00001 : C01255
R03461 : C04604 : C00011 C01270
R03462 : C02526 C00007 : C01273
R03464 : C04330 C00001 : C00080 C01274
R03470 : C01278 : C00011 C03586
R03493 : C04675 : C01291 C00001
R03494 : C00002 C01920 C00288 : C01291 C00009 C00008
R03540 : C01384 C00014 : C00001 C01596
R03543 : C00004 C01407 C00007 C00080 : C00003 C04091
R03544 : C00004 C01412 C00080 : C00003 C06142
R03545 : C01412 C00080 C00005 : C06142 C00006
R03559 : C00004 C00080 C01455 C00007 : C00003 C04592
R03560 : C00004 C00080 C01455 C00007 : C00001 C00003 C01542
R03562 : C00080 C01455 C00007 C00005 : C00001 C01467 C00006
R03566 : C01467 C00080 C00007 C00005 : C02923 C00001 C00006
R03576 : C00002 C01487 : C02962 C00008
R03581 : C01500 C00006 : C01499 C00080 C00005
R03608 : C00004 C00080 C01542 C00007 : C02923 C00001 C00003
R03630 : C00004 C01606 C00080 C00007 : C04783 C00003
R03688 : C01720 : C00001 C03827
R03692 : C00001 C02274 : C01198
R03696 : C03618 : C01732 C00014
R03709 : C00003 C01198 : C00004 C00080 C01772
R03751 : C00001 C01880 : C06103
R03772 : C00001 C02991 : C01934
R03774 : C01934 : C03979 C00001
R03791 : C01984 : C01983
R03794 : C01984 C05650 C00007 : C22239 C03198
R03818 : C02069 C00808 C00007 : C00001 C03302 C03448
R03868 : C02167 : C02514
R03891 : C00007 C02814 : C02222
R03892 : C02222 : C03676
R03893 : C04431 C00001 : C02222
R03908 : C02930 : C02295
R03925 : C02350 : C02348
R03932 : C00002 C02370 C00010 : C06387 C00013 C00020
R03942 : C00003 C02431 : C00004 C00080 C02991
R03947 : C00003 C02463 : C00004 C05778 C00080
R03966 : C02501 : C03453
R03982 : C02575 C00080 C00007 C00005 : C00001 C18933 C00006 C00698
R03997 : C00080 C00005 C02625 C00007 : C00001 C02933 C00006
R03998 : C00004 C00080 C02247 C00007 : C00001 C00003 C05165
R03999 : C00080 C02247 C00007 C00005 : C00001 C05165 C00006
R04053 : C02798 : C03167 C00011
R04061 : C00007 C02814 : C03676
R04088 : C00003 C04592 : C02923 C00080 C00004
R04089 : C02923 C00007 : C06210
R04101 : C00001 C06387 : C00698 C00080 C02949
R04102 : C01847 C03037 C00007 : C00001 C02952 C00061
R04109 : C02987 C00080 C00005 : C01641 C00006 C03741
R04115 : C04314 C00003 : C03012 C00080 C00004
R04117 : C03012 C00007 : C06204
R04130 : C00004 C00080 C03056 C00007 : C03458 C00003 C00001
R04132 : C00001 C03063 : C06201
R04134 : C03063 : C05600
R04136 : C00006 C03351 : C00080 C03067 C00005
R04151 : C00003 C04468 : C00004 C03164 C00080
R04152 : C00022 C03557 : C03167 C00041
R04160 : C03198 C00028 : C03590 C00030
R04161 : C03198 : C05343
R04173 : C00026 C01005 : C00025 C03232
R04175 : C03239 : C00001 C04092
R04198 : C00001 C00003 C03972 : C00004 C20258 C00080
R04199 : C00001 C03972 C00006 : C20258 C00080 C00005
R04223 : C03453 C00001 : C03589 C00011
R04251 : C03167 C00001 C00003 : C00004 C00080 C05682
R04258 : C02375 C00007 : C03585
R04259 : C04522 : C03585
R04277 : C00001 C03671 : C04434
R04278 : C00003 C05375 : C00004 C03671 C00080
R04279 : C05375 C00006 : C03671 C00080 C00005
R04280 : C05616 C00007 : C03671 C00132
R04297 : C01108 C03743 : C02183 C03743
R04347 : C01330 C03576 C04488 : C03920 C01330 C01217
R04349 : C00001 C04178 : C03925 C00014
R04365 : C00001 C03972 C00091 : C04462 C00010
R04371 : C05662 : C00001 C04002
R04376 : C04044 C00007 : C04479
R04379 : C04186 : C04052
R04380 : C04052 : C00011 C05600
R04418 : C00001 C00003 C04642 : C00004 C00080 C04186
R04419 : C00001 C04642 C00006 : C00080 C04186 C00005
R04456 : C00080 C00876 C04377 : C04330 C01080
R04464 : C01080 C04377 : C00876 C04488
R04475 : C00026 C04421 : C00025 C04462
R04478 : C04115 : C00001 C04434
R04488 : C00001 C04484 : C00058 C06035
R04489 : C05375 : C04484
R04500 : C04522 : C04431 C01327
R04510 : C04559 : C04558
R04522 : C04623 : C04596 C01327
R04524 : C00004 C04604 C00080 : C00001 C00003 C06050
R04540 : C04832 C11904 : C03576 C11903 C04628
R04541 : C03920 C04628 : C04832 C01438
R04576 : C04706 : C04729
R04597 : C04793 C00007 : C04844
R04899 : C01198 : C05629
R05072 : C00080 C00950 C00320 : C00094 C00283 C06484
R05076 : C06027 : C00001 C06028
R05078 : C06033 : C00001 C06035
R05099 : C06102 C00001 C00006 : C00080 C00005 C06104
R05100 : C06102 : C06105 C00001
R05136 : C06202 C00022 : C06203 C00001
R05137 : C06203 : C06204
R05138 : C00596 C00033 : C00001 C06210
R05148 : C00004 C06337 C00080 C00007 : C06318 C00003
R05156 : C00004 C00080 C00007 C06333 : C00003 C00014 C06336
R05185 : C00002 C00001 C00080 C00697 C00138 : C00282 C00008 C00014 C00139 C00009
R05186 : C00002 C00001 C02745 C00697 : C00282 C00008 C00014 C02869 C00009
R05198 : C00125 C00469 : C00126 C00080 C00084
R05231 : C06103 C00006 : C06102 C00080 C00005
R05232 : C00003 C06576 : C06577 C00080 C00004
R05233 : C06611 C00003 : C00004 C00080 C06613
R05234 : C00003 C06612 : C00004 C00080 C16348
R05235 : C06577 C00001 C00003 : C06578 C00080 C00004
R05236 : C00001 C00003 C06603 : C00004 C02222 C00080
R05237 : C00001 C06613 : C06614 C00080
R05238 : C00001 C16348 : C06615 C00080
R05239 : C06589 C00003 : C02526 C00080 C00004
R05240 : C00003 C06579 : C00004 C00080 C06580
R05241 : C06585 C00003 : C00004 C00080 C06586
R05243 : C00003 C06599 : C00004 C06600 C00080
R05244 : C00080 C00005 C00472 : C00530 C00006
R05245 : C00007 C06586 : C06587
R05246 : C00530 C00007 : C06603
R05247 : C06578 C00080 C00007 C00004 : C00003 C06579
R05248 : C06580 C00007 : C06581
R05249 : C00080 C01751 C00007 C00005 : C00001 C00006 C02814
R05256 : C06644 C00007 : C06645
R05258 : C00001 C00006 C00088 C00472 : C00870 C00080 C00007 C00005
R05259 : C06604 C03024 C00007 : C00001 C06606 C03161 C00087
R05261 : C00004 C06584 C00080 C00007 : C06585 C00003
R05262 : C06584 C00080 C00007 C00005 : C06585 C00006
R05263 : C00004 C06588 C00007 C00080 : C06589 C00003
R05264 : C00080 C06588 C00007 C00005 : C06589 C00006
R05265 : C00080 C02235 C00007 : C00001 C00088 C02814
R05266 : C06575 C00138 C00080 C00007 : C00001 C00139 C06576
R05267 : C00530 C01327 C00127 : C06601 C00051
R05269 : C06600 C00051 : C06601 C01327 C00127
R05271 : C06678 C00003 : C00004 C06679 C00080
R05272 : C06679 C00003 C00001 : C00004 C00080 C02236
R05274 : C00004 C00080 C00007 C06672 : C00001 C00003 C00067 C00230
R05275 : C04783 C00003 : C00004 C00080 C03233
R05276 : C06387 C01327 C00006 : C00080 C06671 C00005
R05277 : C00568 C06335 : C06673 C00080
R05278 : C06674 C00007 : C06675
R05279 : C00080 C00007 C06335 : C06674 C00014
R05280 : C00230 C00014 : C00568 C00080 C00007
R05281 : C00004 C00080 C00007 C06677 : C06678 C00001 C00003
R05282 : C06757 C00003 : C00004 C00080 C06758
R05283 : C00003 C06103 : C06102 C00080 C00004
R05284 : C06752 C00001 : C06753 C01327
R05285 : C00125 C06753 : C00126 C00080 C06754
R05286 : C00001 C00003 C06754 : C00004 C00080 C06755
R05287 : C00001 C06755 : C00160 C01327
R05288 : C06756 C00080 C00007 C00138 : C00001 C06757 C00139
R05289 : C00001 C06758 C00006 : C00080 C01454 C00005
R05290 : C00004 C01454 C00007 C00080 : C06729 C00003
R05291 : C00080 C01454 C00007 C00005 : C06729 C00006
R05292 : C06729 C00003 : C00004 C06730 C00011 C00080
R05293 : C06729 C00006 : C00080 C06730 C00011 C00005
R05294 : C00004 C00080 C00007 C06677 : C06730 C00003 C00094
R05295 : C06730 C00007 : C06760
R05298 : C00479 C00022 : C06762
R05299 : C06730 C00007 : C04112
R05300 : C04559 : C04112
R05305 : C00003 C06714 : C06715 C00080 C00004
R05308 : C06719 C00006 : C00080 C02183 C00005
R05309 : C00003 C06720 : C02923 C00011 C00080 C00004
R05311 : C00003 C01063 : C00004 C00080 C06723
R05313 : C00003 C06727 : C06728 C00080 C00004
R05314 : C06731 C00003 : C02923 C00011 C00080 C00004
R05316 : C00138 C02949 : C00001 C00139 C00512
R05338 : C00067 C00199 : C06019
R05339 : C06019 : C00085
R05346 : C00030 C06604 : C00001 C00028 C06605
R05347 : C07216 C00003 : C07209 C00080 C00004
R05348 : C00003 C07213 : C00004 C00080 C07214
R05349 : C00003 C06711 : C00004 C06712 C00080
R05350 : C00006 C06711 : C00080 C06712 C00005
R05352 : C11348 C00003 : C00004 C00080 C07113
R05353 : C00001 C00003 C06760 : C00004 C00080 C07478
R05354 : C00003 C07084 : C00004 C07085 C00080
R05355 : C00004 C06329 : C02222 C00003 C00698
R05356 : C06593 C00001 : C02378
R05358 : C01998 C00001 : C00511 C00014
R05359 : C00001 C06587 : C00596 C02370
R05360 : C00001 C07731 : C00596 C00805
R05361 : C00001 C07734 : C00090 C02501
R05362 : C00001 C07087 : C00596 C00511
R05363 : C00001 C06645 : C11353 C06646
R05364 : C00001 C06582 : C00596 C02632
R05365 : C00001 C08062 : C00596 C00108
R05366 : C00001 C07123 : C00596 C00163
R05367 : C06609 C00001 : C06611 C01327
R05368 : C06610 C00001 : C01327 C06612
R05369 : C00001 C06597 : C06598 C01327
R05370 : C06598 C00001 : C06599 C01327
R05371 : C06614 C00001 : C00222 C01327
R05372 : C00001 C06615 : C00222 C01327
R05374 : C07479 : C00011 C11354
R05375 : C06680 : C00587 C00011
R05377 : C06581 : C00011 C06582
R05378 : C06893 : C00222 C00111
R05379 : C01659 : C01998 C00001
R05380 : C00084 : C00001 C01548
R05383 : C01987 : C02720
R05386 : C07075 : C06596 C01327
R05387 : C06596 : C06597 C01327
R05388 : C07102 : C01327 C07103
R05389 : C07478 : C07479
R05390 : C03585 : C07090 C00011 C01327
R05392 : C04729 C01327 : C07095
R05393 : C03918 : C04729 C01327
R05394 : C06675 : C06676
R05397 : C00003 C07093 : C07094 C00080 C00004
R05399 : C00004 C00080 C07103 : C00003 C02814
R05400 : C00080 C06876 C00005 : C02720 C00006
R05401 : C06813 C00080 C00005 : C00001 C06876 C00006
R05402 : C03434 C00051 : C07099 C01327 C00127
R05403 : C07099 C00051 : C01327 C07097 C00127
R05404 : C07085 C00007 : C07087
R05405 : C01987 C00007 : C03824
R05406 : C02375 C00007 : C07089
R05407 : C02933 C00007 : C03918
R05408 : C00001 C07097 C00007 : C06329 C01327
R05409 : C07094 C00007 : C07095
R05410 : C07717 C00007 : C07718
R05411 : C03569 C00007 : C07731
R05412 : C07724 C00007 : C07725
R05413 : C07733 C00007 : C07734
R05414 : C00004 C00080 C08060 C00007 : C00003 C08061
R05415 : C08061 C00007 : C08062
R05416 : C06728 C00007 : C00080 C07123
R05417 : C00004 C07083 C00080 C00007 : C00003 C07084
R05418 : C00004 C00080 C07100 C00007 : C07101 C00001 C00048 C00003
R05419 : C03664 C00026 C00007 : C00048 C00011 C02625 C00042
R05420 : C00001 C06676 : C02222 C00080 C11481
R05421 : C00001 C06604 : C00870 C06607
R05422 : C00004 C00080 C07715 C00007 : C00001 C00003 C06711
R05423 : C00004 C00080 C07715 C00007 : C00003 C07721
R05424 : C07111 : C07083 C00080
R05425 : C00004 C07111 C00080 C00007 : C00001 C11348 C00003
R05426 : C00004 C11348 C00080 C00007 : C00001 C00003 C07113
R05427 : C07113 C00007 : C07189
R05428 : C07215 C00080 C00007 C00004 : C06731 C00003
R05429 : C07092 C00080 C00007 C00004 : C00003 C07093
R05430 : C00004 C01504 C00080 C00007 : C00003 C02274
R05431 : C00004 C01504 C00080 C00007 : C07720 C00003
R05432 : C01504 C00080 C00007 C00005 : C02274 C00006
R05433 : C01504 C00080 C00007 C00005 : C07720 C00006
R05434 : C00004 C07729 C00007 C00080 : C00003 C03569
R05435 : C00004 C06712 C00007 : C07722 C00003
R05436 : C06712 C00007 C00005 : C07722 C00006
R05439 : C00004 C07732 C00007 C00080 : C00003 C07733
R05440 : C00004 C07111 C00080 C00007 : C00003 C06727
R05441 : C00080 C02124 C00007 C00005 : C00001 C02375 C00006
R05442 : C00138 C00080 C07212 C00007 : C00001 C00139 C07213
R05443 : C00138 C00080 C07208 C00007 : C00001 C07216 C00139
R05444 : C00004 C00080 C06547 C00007 : C00001 C00003 C06548
R05445 : C00001 C07097 : C01327 C06328
R05446 : C01352 C06600 C00007 : C00001 C00698 C00016 C21105
R05447 : C07101 C01352 C00007 : C00001 C00698 C00016 C21104
R05448 : C00004 C00080 C07096 C00007 : C00001 C00003 C07097
R05449 : C01352 C07098 C00007 : C21103 C00001 C00698 C00016
R05450 : C00004 C05852 C00080 C00007 : C00001 C00003 C00544
R05451 : C00002 C06670 C00010 : C06671 C00013 C00020
R05452 : C00002 C07114 C00010 : C07118 C00013 C00020
R05453 : C00288 C00002 C07113 C00001 C00080 : C00009 C00008 C07114
R05474 : C06646 : C03077
R05475 : C00004 C04596 C00080 C00007 : C00003 C21859
R05483 : C06594 C01327 : C06597
R05484 : C06598 : C06602 C01327
R05485 : C00001 C06605 : C06607 C02372
R05487 : C07086 C03024 C00007 : C05852 C00001 C03161
R05488 : C07083 C00007 C01352 : C00001 C00016 C20782
R05493 : C07088 C00026 C00007 : C00048 C02124 C00011 C00042
R05496 : C00002 C00001 C00080 C00138 C01548 : C00139 C00009 C00008 C06547
R05498 : C00080 C06793 : C01327 C06547
R05499 : C00080 C06789 : C06790 C01327
R05500 : C06790 C00080 : C06791 C01327
R05501 : C06790 C00080 : C06792 C01327
R05502 : C06791 C00080 : C06793 C01327
R05503 : C06792 C00080 : C06793 C01327
R05504 : C07089 C00080 : C00682 C00698
R05505 : C03664 C00080 C05359 : C07088 C00698
R05506 : C07118 C00010 : C00512 C00024
R05507 : C00026 C02378 : C06102 C00025
R05508 : C00827 C00033 : C00186 C00024
R05509 : C00024 C00511 : C00033 C00894
R05510 : C07090 C00001 : C07091
R05511 : C04706 C00001 : C06329
R05533 : C06988 : C00698 C06989
R05534 : C06989 : C11352 C00698
R05535 : C11352 : C06990 C00698 C00080
R05536 : C11352 : C00698 C01407
R05537 : C01198 C00002 C00003 C00016 C00010 : C00024 C00080 C00013 C00004 C01352 C00805 C00020
R05538 : C07718 C00001 : C00022 C07719
R05540 : C01504 C00011 : C07719 C00007
R05541 : C00080 C07715 C00007 : C07717
R05542 : C00080 C07715 C00007 : C07724
R05543 : C07722 : C00001 C07723
R05544 : C07725 C00001 : C00022 C07726
R05545 : C00001 C07726 : C00080 C07727 C00011 C05359
R05546 : C00001 C05165 : C00010 C00011 C08063 C00014
R05548 : C00001 C06606 : C00870 C06608
R05551 : C00511 C00014 : C00001 C01659
R05554 : C00001 C02091 : C00603 C00014
R05558 : C06551 C00001 : C06552 C01327
R05559 : C00001 C06552 : C06553 C00797
R05560 : C06553 C00001 : C06554 C06748
R05563 : C00001 C06555 : C00014 C01010
R05564 : C06551 C00007 : C00207 C06556
R05565 : C06551 C00007 : C06559 C00084
R05567 : C06556 C00007 : C06560 C00084
R05568 : C06559 C00007 : C06560 C00207
R05569 : C06560 C00001 : C08735 C00014
R05572 : C00001 C06556 : C01327 C06557
R05573 : C00001 C06558 : C06554 C00797
R05574 : C00001 C06557 : C00014 C06558
R05575 : C00003 C09819 : C00004 C00080 C09820
R05578 : C00002 C01641 C00025 : C02987 C00013 C00020
R05579 : C00028 C00527 : C02411 C00030
R05581 : C00003 C06749 : C00004 C09821 C00080
R05582 : C00003 C09812 : C00004 C00080 C09813
R05584 : C04253 C09817 : C04570 C09818
R05585 : C00080 C02247 : C00512 C00014
R05586 : C06715 C00010 : C00024 C00527
R05587 : C09820 C00010 : C00512 C00091
R05588 : C09816 C00091 : C00042 C09817
R05590 : C00001 C09815 : C00180 C00014
R05591 : C00001 C09814 : C00180 C00014
R05592 : C00001 C09813 : C01063
R05594 : C00001 C09821 : C06714
R05596 : C00001 C09814 : C09815
R05597 : C00001 C06322 : C06749
R05598 : C00122 C01455 : C09816
R05599 : C00001 C09818 : C09819
R05600 : C00001 C09811 : C09812
R05601 : C00001 C06723 : C06714
R05603 : C00001 C00011 C02734 : C00009 C00156
R05605 : C04442 : C00118 C00022
R05609 : C06322 : C09809
R05610 : C06322 : C09810
R05619 : C09823 C00028 : C00030 C09811
R05620 : C00002 C09822 C00010 : C09823 C00013 C00020
R05621 : C00004 C00080 C00180 C00007 : C00003 C06321
R05622 : C00080 C00180 C00005 C00007 : C06321 C00006
R05623 : C00565 C00080 C00005 C00007 : C01104 C00001 C00006
R05625 : C00146 C00001 C00002 : C00009 C02734 C00020
R05632 : C00004 C00080 C03203 C00007 : C03012 C00001 C00003 C00011
R05642 : C11425 : C11426
R05643 : C00001 C03057 C00003 : C00004 C01606 C00080
R05648 : C00001 C11426 : C11427 C00022
R05649 : C00001 C00003 C11427 : C00004 C00080 C03203
R05650 : C03164 C00007 : C11425
R05653 : C00004 C11422 C00007 C00080 : C11429 C00001 C00003
R05654 : C00004 C11422 C00007 C00080 : C00001 C00003 C11431
R05655 : C00004 C11422 C00007 C00080 : C00001 C00003 C11432
R05656 : C11431 : C11432
R05657 : C05694 C11432 : C11433 C05693
R05658 : C11429 C00001 : C11428
R05661 : C00002 C06892 : C06893 C00008
R05663 : C00001 C07214 C00006 : C07215 C00080 C00005
R05664 : C07209 C00001 C00006 : C07211 C00080 C00005
R05665 : C00004 C07211 C00080 C00007 : C00003 C06720
R05666 : C00004 C00080 C01455 C00007 : C01468 C00003 C00001
R05699 : C00001 C00003 C00755 : C00004 C00080 C06672
R05712 : C00001 C00125 C00014 : C00126 C00080 C00088
R05717 : C00094 C00020 C00127 : C00051 C00224
R05745 : C00001 C07111 C00028 : C11348 C00030
R05771 : C11519 : C00001 C11520
R05774 : C05528 : C00593 C00011
R05783 : C00001 C07301 : C01983 C00014
R05784 : C00001 C07271 : C07276
R05789 : C00001 C11536 : C00009 C11537
R05805 : C00085 C00008 : C00354 C00020
R05839 : C00026 C00534 : C00217 C00250
R05842 : C00001 C06548 : C01380
R05843 : C00004 C11422 C00007 C00080 : C00003 C04468
R05850 : C01101 : C00231
R05864 : C00001 C11354 : C06762
R05865 : C00001 C06760 : C00058 C11354
R06117 : C11409 C00003 : C00004 C00080 C11383
R06119 : C03024 C06099 C00007 : C11409 C00001 C03161
R06372 : C00030 C11383 : C11412 C00028
R06373 : C01767 C00030 : C00028 C11398
R06386 : C00007 C00080 C00005 C11398 : C11402 C00001 C00006
R06387 : C11412 C00080 C00005 C00007 : C00001 C11414 C00006
R06390 : C11402 C00001 : C11404
R06392 : C00001 C11414 : C11417
R06394 : C11404 : C11405
R06395 : C11417 : C11419
R06396 : C00002 C11405 C00010 : C00001 C11407 C00009 C00008
R06397 : C11419 : C11421
R06398 : C00004 C00080 C06099 C00007 : C00001 C07271 C00003
R06399 : C00003 C07276 : C00004 C00080 C11937
R06400 : C00080 C11937 C00005 C00007 : C00001 C00006 C19079
R06515 : C00002 C11405 C00010 : C00001 C11407 C00013 C00020
R06601 : C00001 C11821 : C12248
R06604 : C12248 : C00011 C02350
R06605 : C12248 C00080 : C00011 C02348
R06621 : C12313 C00003 : C00004 C01147
R06622 : C01147 C00080 C00005 C00007 : C12314 C00001 C00006
R06780 : C05629 : C11457
R06781 : C00423 : C12621
R06782 : C00004 C05629 C00080 C00007 : C11588 C00003
R06783 : C00004 C00423 C00080 C00007 : C12622 C00003
R06784 : C11588 C00003 : C04044 C00080 C00004
R06785 : C12622 C00003 : C00004 C00080 C12623
R06786 : C00004 C00080 C00007 C11457 : C04044 C00001 C00003
R06787 : C00004 C00080 C00007 C12621 : C00001 C00003 C12623
R06788 : C12623 C00007 : C12624
R06789 : C00001 C12624 : C00596 C00122
R06831 : C00004 C06594 C00007 C00080 : C12832 C00003
R06832 : C12832 C00003 : C00004 C12831 C00080
R06833 : C12831 C00007 : C12833
R06834 : C12833 : C01327 C12834
R06835 : C00001 C12834 : C12835
R06838 : C00001 C12838 : C02222
R06839 : C05618 C00007 : C03572
R06840 : C03572 : C12838 C01327
R06848 : C00004 C00080 C12835 : C12836 C00003 C01327
R06849 : C06594 : C07092
R06850 : C07092 : C06990
R06851 : C00080 C00530 C00005 C00007 : C00001 C00006 C02814
R06852 : C00001 C02372 : C00014 C00472
R06854 : C07103 : C00001 C00472
R06855 : C12836 : C00042 C06755
R06856 : C06990 C00080 C00007 C00004 : C12837 C00003
R06857 : C12837 C00003 : C05618 C00080 C00004
R06876 : C13620 : C13645 C13621
R06877 : C13621 : C13645 C13622
R06878 : C13622 : C13645 C13623
R06879 : C13623 : C13624 C13645
R06880 : C13624 : C13625
R06881 : C13624 : C13626
R06882 : C13626 : C13628
R06883 : C13624 C00080 C00007 C00004 : C00001 C13629 C00003
R06884 : C13624 C00080 C00007 C00004 : C13631 C00003 C00001
R06885 : C13629 : C00001 C13632
R06886 : C13632 C00007 : C00633 C10700
R06887 : C13631 : C13633
R06888 : C00004 C13631 C00080 C00007 : C00001 C13634 C00003
R06889 : C13634 : C13635 C00156
R06890 : C13637 C00080 C00005 C00007 : C00001 C13638 C00006
R06891 : C00003 C13638 : C00004 C00080 C10700
R06892 : C00007 C00080 C10700 C00005 : C00001 C13636 C00006
R06893 : C00001 C13636 : C00530 C00033
R06898 : C14101 : C14111
R06899 : C14111 : C14113
R06900 : C14111 : C14112
R06901 : C14114 : C14111
R06902 : C01352 C00007 C14101 : C00001 C00016 C03203
R06903 : C14098 C00122 : C14115
R06904 : C14115 C00091 : C14116 C00042
R06905 : C14116 : C00080 C14117
R06906 : C00001 C14117 : C14118
R06907 : C14118 : C00080 C14119
R06908 : C14119 C00010 : C14120 C00091
R06909 : C00004 C00080 C14082 C00007 : C00003 C14083
R06910 : C00003 C14083 : C00004 C00080 C14084
R06911 : C14084 C00007 : C14085
R06912 : C14085 : C14086
R06913 : C00001 C14086 : C14087 C00022
R06914 : C00001 C00003 C14087 : C00004 C00080 C14088
R06915 : C00004 C00080 C14088 C00007 : C02923 C00001 C00003 C00011
R06916 : C00004 C00080 C14082 C00007 : C00001 C00003 C14089
R06917 : C00003 C14089 : C00004 C00080 C14090
R06918 : C00001 C00003 C14090 : C00004 C14091 C00080
R06919 : C00004 C14091 C00080 C00007 : C14092 C00003
R06920 : C14092 : C14093
R06921 : C00007 C14093 : C14094
R06922 : C14094 : C14095
R06923 : C14095 C00001 : C14096 C00022
R06924 : C14096 C00001 C00007 : C00027 C14097
R06925 : C14097 : C00011 C00805
R06926 : C00004 C14098 C00080 C00007 : C02909 C00001 C00003
R06927 : C02909 C00003 : C14099 C00080 C00004
R06928 : C14099 C00001 C00003 : C00004 C00080 C14101
R06929 : C14099 : C14100
R06930 : C02909 C00080 C00007 C00004 : C00003 C14104
R06931 : C00003 C14104 : C00004 C00080 C14105
R06932 : C14105 C00007 : C14106
R06933 : C14106 : C14107
R06934 : C00001 C14107 : C14108 C00022
R06935 : C14108 C00003 C00001 : C00004 C00080 C14109
R06936 : C00004 C00080 C14109 C00007 : C14110 C00001 C00003 C00011
R06937 : C00004 C14098 C00080 C00007 : C14102 C00003
R06938 : C14102 : C14103
R06939 : C00004 C00080 C14103 C00007 : C00001 C06730 C00003 C00011
R06940 : C00001 C11519 : C00058 C00571
R06941 : C14145 C00003 : C00004 C00080 C02232
R06942 : C00001 C14144 : C14145
R06943 : C14143 C00016 : C01352 C14144
R06944 : C00010 C00002 C06104 : C14143 C00013 C00020
R06945 : C00004 C11249 C00007 C00080 : C00854 C00001 C00003
R06966 : C00001 C08735 : C08734 C01327
R06967 : C00001 C08734 : C06554 C00014
R06968 : C00001 C08737 : C08733 C00014
R06969 : C00001 C08733 : C08734 C00014
R06970 : C00001 C14147 : C14148 C00014
R06971 : C00001 C14148 : C14149 C00014
R06972 : C00001 C14149 : C06554 C14150
R06973 : C00222 : C00011 C00084
R06977 : C00441 C00025 : C00026 C03283
R06978 : C00024 C03283 : C00010 C06442
R06979 : C06442 : C00001 C06231
R06982 : C00067 C00051 : C14180
R06983 : C00003 C14180 : C00004 C01031 C00080
R06988 : C14602 : C14604
R06989 : C02480 : C14610
R06990 : C14610 : C03586
R07125 : C14899 C00080 : C03291 C00011
R07136 : C00003 C11537 : C00004 C00080 C05528
R07157 : C00001 C00139 C00237 : C00080 C00138 C00011
R07159 : C00118 C00001 C00139 : C00197 C00080 C00138
R07168 : C00440 C00003 : C00004 C00080 C00143
R07174 : C00125 C05361 : C00126 C00697
R07177 : C00320 C15494 : C02084 C15495
R07365 : C00001 C00007 C00087 : C00094 C00283
R07476 : C11536 : C00094 C00074
R07514 : C00001 C00028 C01297 : C15986 C00030
R07515 : C00001 C15986 : C03056 C15987
R07638 : C16075 : C00001 C16074
R07650 : C03283 : C00011 C00986
R07657 : C03203 C00007 : C16149
R07663 : C00007 C06677 : C01468 C00059
R07664 : C01984 C00061 : C02137 C01847
R07665 : C00004 C01467 C00080 C00007 : C00001 C00003 C03351
R07666 : C00001 C03067 C00006 : C00587 C00080 C00005
R07667 : C00001 C00003 C03067 : C00587 C00080 C00004
R07668 : C00853 C06672 : C06453 C00230
R07669 : C00001 C06988 : C01327 C16181
R07670 : C00001 C16181 : C16182 C01327
R07671 : C00072 C04261 : C16186 C00615
R07677 : C00001 C16186 : C14899
R07687 : C00080 C14315 C05359 C00007 : C16205
R07688 : C16205 : C16206 C00080
R07689 : C16206 : C16207 C00080
R07690 : C16214 : C16215
R07691 : C16212 C00007 : C16214
R07692 : C00001 C16210 : C16212 C00022
R07695 : C16213 : C00805
R07696 : C16212 : C16213
R07697 : C16200 C00007 : C00146 C12486
R07700 : C00007 C00292 : C00090 C00014
R07701 : C16204 C00007 : C16210
R07703 : C16215 C00003 : C00004 C01606 C00080
R07704 : C00004 C00080 C14315 C00007 : C16203 C00003
R07705 : C16203 C00003 : C00004 C00080 C16204
R07706 : C00004 C06813 C00080 C00007 : C00090 C00003 C00088
R07707 : C11429 : C11430
R07708 : C11428 : C11430 C00001
R07709 : C00004 C00080 C00805 C00007 : C00001 C00003 C00628
R07710 : C00080 C00805 C00005 C00007 : C00001 C00628 C00006
R07713 : C00001 C16149 : C03057 C00022
R07727 : C00080 C00005 C16234 : C00001 C16235 C00006
R07730 : C16235 : C00632
R07734 : C16235 C00080 : C00001 C00108
R07779 : C00007 C00080 C00005 C04178 : C00001 C01326 C16248 C00006
R07780 : C00001 C04178 : C16246
R07781 : C00004 C00080 C16249 : C02222 C00003 C01324
R07782 : C00001 C16246 : C03925 C00014
R07783 : C03925 : C16247
R07784 : C16247 : C16248
R07785 : C16248 : C16249
R07793 : C14450 C00080 C00007 : C02375 C00014
R07794 : C00080 C14419 : C14450 C01327
R07795 : C00001 C00007 C06336 : C00094 C02501
R07799 : C00080 C06712 C00007 C00004 : C16262 C00003
R07800 : C16262 C00001 : C16263 C00080
R07801 : C16263 C00007 : C16264
R07802 : C00001 C16264 : C00596 C01606
R07803 : C07728 : C00090
R07804 : C07721 : C00080 C07717
R07827 : C05618 C00007 : C16266
R07828 : C00002 C16267 C00010 : C00009 C00008 C16268
R07829 : C16268 : C00877
R07831 : C00001 C06719 : C16272
R07832 : C16272 C00024 : C00033 C16273
R07833 : C00010 C16273 : C01144 C00024
R07835 : C06337 C00001 : C00180 C01353
R07836 : C16281 C00080 C00007 C00005 : C00001 C16283 C00006
R07837 : C16283 C00080 C00005 C00007 : C00001 C16285 C00006
R07838 : C16285 : C09814
R07839 : C04434 : C04324
R07854 : C00001 C16074 : C02505
R07855 : C00001 C16074 : C07086 C00014
R07881 : C00001 C14120 : C00010 C14101
R07919 : C00019 C16353 : C00021 C07480
R07920 : C00019 C07480 : C07481 C00021
R07939 : C07481 C00080 C00005 C00007 : C00001 C00067 C13747 C00006
R07946 : C00001 C16386 C00028 : C03043 C00030
R07947 : C15986 : C16151 C00001
R07948 : C03458 C00007 : C16152 C00027
R07949 : C03458 C00080 C00007 : C00080 C01596 C00011
R07954 : C07481 C00080 C00007 C00004 : C00001 C00003 C00067 C13747
R07955 : C07481 C00080 C00007 C00004 : C00001 C00003 C00067 C07480
R07956 : C07481 C00080 C00005 C00007 : C00001 C00067 C07480 C00006
R07957 : C00004 C00080 C13747 C00007 : C00001 C00003 C00067 C16353
R07958 : C00007 C00080 C13747 C00005 : C00001 C00067 C00006 C16353
R07961 : C00004 C00080 C07480 C00007 : C00001 C00003 C00067 C16353
R07962 : C00080 C07480 C00005 C00007 : C00001 C00067 C00006 C16353
R07963 : C00004 C00080 C07480 C00007 : C16357 C00001 C00003 C00067
R07964 : C00080 C07480 C00005 C00007 : C16357 C00001 C00067 C00006
R07965 : C00004 C00080 C00007 C16353 : C00001 C00003 C00067 C00385
R07966 : C00007 C00080 C00005 C16353 : C00001 C00067 C00385 C00006
R07967 : C16357 C00080 C00007 C00004 : C00001 C00003 C00067 C00385
R07968 : C16357 C00080 C00005 C00007 : C00001 C00067 C00385 C00006
R07969 : C00004 C00080 C16358 C00007 : C00001 C00003 C00067 C00385
R07970 : C00080 C16358 C00005 C00007 : C00001 C00067 C00385 C00006
R07971 : C07481 C00080 C00007 C00004 : C00001 C00003 C00067 C07130
R07972 : C07481 C00080 C00005 C00007 : C00001 C00067 C00006 C07130
R07973 : C00004 C00080 C00007 C07130 : C16357 C00001 C00003 C00067
R07974 : C00007 C00080 C00005 C07130 : C16357 C00001 C00067 C00006
R07975 : C00004 C00080 C00007 C07130 : C00001 C00003 C00067 C16358
R07976 : C00007 C00080 C00005 C07130 : C00001 C00067 C16358 C00006
R07980 : C07481 C00001 C00399 : C16361 C00390
R07981 : C00001 C16361 C00007 : C16362 C00011 C00027
R07982 : C00001 C16362 : C00048 C16364 C16363
R07984 : C00001 C04226 : C16159 C00014
R07985 : C00004 C16159 C00080 : C00003 C16390
R07986 : C16390 : C00001 C02930
R08014 : C16391 C00080 C00005 : C00001 C16392 C00006
R08015 : C00080 C16392 C00005 : C16402 C00001 C00006
R08016 : C16402 C00080 C00005 : C00001 C16403 C00006
R08017 : C00004 C16391 C00080 : C00001 C00003 C16392
R08018 : C00004 C00080 C16392 : C00001 C00003 C16394
R08019 : C00080 C16392 C00005 : C00001 C16394 C00006
R08027 : C16396 : C16400
R08030 : C16397 : C16400
R08033 : C16395 : C16398
R08034 : C16396 : C16399
R08035 : C16399 : C16400
R08036 : C16396 C00024 : C16420 C00010
R08040 : C16400 : C16401
R08041 : C16401 : C01468
R08042 : C00004 C16391 C00080 : C00001 C16393 C00003
R08043 : C00004 C16393 C00080 : C00001 C00003 C16395
R08044 : C00004 C00080 C16395 : C00001 C16397 C00003
R08045 : C00004 C00080 C16395 : C00001 C16396 C00003
R08046 : C00004 C00080 C16394 : C00001 C16396 C00003
R08047 : C00004 C00080 C16394 : C00001 C00003 C16403
R08049 : C16403 : C16396
R08050 : C00026 C06231 C00007 : C16432 C00011 C00042
R08058 : C00067 C01217 : C00001 C04377
R08059 : C04377 C00006 : C04330 C00005
R08060 : C01001 C00001 : C00058 C00862
R08083 : C09871 C00006 : C09847 C00080 C00005
R08084 : C09849 C00006 : C09848 C00080 C00005
R08085 : C00006 C11386 : C00080 C11384 C00005
R08086 : C00001 C01499 C00003 : C00004 C00080 C16461
R08087 : C09848 C00003 C00001 : C00004 C00080 C16462
R08088 : C00002 C16462 C00010 : C16464 C00013 C00020
R08089 : C16464 C00028 : C01920 C00030
R08090 : C04675 : C16466 C00033
R08091 : C16466 C00010 : C00024 C16470
R08092 : C00016 C16470 : C01352 C16468
R08093 : C00001 C16468 : C16469
R08094 : C00003 C16469 : C00004 C00080 C16471
R08095 : C16471 C00010 : C00024 C03069
R08096 : C00001 C00003 C11384 : C00004 C00080 C16462
R08097 : C16461 C00010 : C00001 C16465
R08098 : C16465 : C01920
R08099 : C09847 : C01499
R08100 : C00004 C02359 C00007 C00080 : C16482 C00003
R08101 : C00004 C02359 C00007 C00080 : C00003 C16481
R08103 : C00004 C00080 C11272 C00007 : C16483 C00003
R08104 : C00004 C00080 C11272 C00007 : C00003 C16484
R08105 : C16483 C00003 : C00004 C16473 C00080
R08106 : C16484 : C16487 C00090
R08108 : C00004 C02364 C00080 C00007 : C00003 C16478
R08109 : C00004 C02364 C00080 C00007 : C00003 C16479
R08110 : C00004 C02371 C00080 C00007 : C00003 C16480
R08111 : C00003 C16478 : C00004 C16472 C00011 C00080
R08112 : C00003 C16479 : C00004 C16473 C00011 C00080
R08113 : C00003 C16480 : C00004 C16473 C00011 C00080
R08114 : C16472 C00007 : C16475
R08115 : C16473 C00007 : C16474
R08116 : C16474 : C16476
R08117 : C00002 C02371 C00010 : C00013 C02802 C00020
R08118 : C00001 C02802 : C16487 C02949
R08119 : C16475 : C16477
R08120 : C16477 C00001 : C02222 C16487
R08121 : C16476 C00001 : C02222 C16487
R08122 : C16482 : C00090
R08123 : C16481 : C16472
R08214 : C16597 C00003 : C00004 C00011 C16588 C00080
R08215 : C16600 C00003 : C00004 C00011 C16589 C00080
R08217 : C00002 C16594 : C00008 C04628
R08323 : C00002 C16593 C00188 : C16594 C00009 C00008
R08328 : C16589 : C16590 C00011
R08331 : C00001 C00024 C00322 : C16583 C00010
R08332 : C00024 C00001 C16588 : C16598 C00010
R08414 : C00450 : C00408
R08503 : C16737 : C06892
R08549 : C00026 C00003 C00010 : C00004 C00011 C00080 C00091
R08553 : C00094 C00016 C00020 : C01352 C00224
R08570 : C00204 : C00022 C00577
R08571 : C00001 C00139 C00577 : C00138 C00080 C00258
R08572 : C00002 C00258 : C00631 C00008
R08575 : C00118 C05382 : C00279 C00085
R08603 : C00001 C04287 : C16737
R08678 : C00001 C17267 C00007 : C00094 C00051
R08764 : C00004 C00080 C00007 C01020 : C01059 C00001 C00003 C00011
R08926 : C01019 C00003 : C00004 C00080 C18028
R09030 : C02962 : C18096
R09031 : C18096 : C00085
R09085 : C00267 C00008 : C00020 C00668
R09086 : C00221 C00008 : C01172 C00020
R09096 : C00024 C01217 : C00237 C04488 C00010
R09097 : C00479 C00003 C00010 : C00004 C00080 C00100
R09098 : C00132 C03576 : C03920 C00001
R09099 : C00065 C01217 : C00001 C00037 C04377
R09102 : C14298 : C18215
R09103 : C18215 : C14220
R09104 : C14220 : C18216
R09105 : C00001 C18216 : C00530 C00156
R09124 : C00565 C03576 : C03920 C00543
R09125 : C01059 C00007 : C18232
R09126 : C00001 C18232 : C00058 C01596
R09127 : C18233 C00469 : C00080 C18234 C00084
R09128 : C06753 C18233 : C00080 C18234 C06754
R09130 : C00004 C18236 C00080 C00007 : C18238 C00003
R09131 : C18236 C00080 C00007 C00005 : C18238 C00006
R09132 : C18238 C00003 : C00004 C00080 C18240
R09133 : C18238 C00006 : C00080 C18240 C00005
R09134 : C18240 C00007 : C18241
R09135 : C18241 : C01327 C18242
R09136 : C00001 C18242 : C18243
R09137 : C00004 C18243 C00080 : C00003 C01327 C18244
R09138 : C18243 C00080 C00005 : C01327 C18244 C00006
R09141 : C00004 C06790 C00080 C00007 : C11148 C00003 C00001
R09142 : C11148 : C00237
R09143 : C11148 : C11149
R09144 : C11148 : C00048
R09145 : C11148 : C00058
R09146 : C06790 : C14866
R09147 : C06790 : C11148
R09148 : C00004 C00080 C18246 C00007 : C00001 C00003 C07490
R09149 : C07490 : C14866
R09150 : C14866 : C11150
R09152 : C00007 C00001 C00080 C00004 C06790 : C00058 C00003 C01327
R09153 : C00593 : C03576
R09154 : C18246 : C01327 C18247
R09155 : C18247 : C18248 C01327
R09156 : C00030 C18248 C00007 : C00001 C00028 C01327 C00084
R09157 : C00001 C11150 : C01327 C00209
R09158 : C11150 : C00011
R09159 : C07535 C00080 C00007 C00004 : C00003 C18276
R09160 : C07535 C00080 C00007 C00004 : C00003 C18275
R09161 : C14335 C00007 : C18249
R09162 : C00003 C18249 : C00004 C18250 C00080
R09163 : C18250 C00007 : C18252
R09164 : C18252 : C00011 C18253
R09165 : C00004 C00080 C18253 C00007 : C00003 C18256
R09166 : C18256 : C03164 C00011
R09167 : C14335 C00007 : C00001 C18254
R09168 : C00001 C18254 : C18255
R09169 : C14335 C00007 : C00001 C18267
R09170 : C18267 : C14519
R09171 : C14519 C00007 : C18265 C00001
R09172 : C18265 : C18263
R09173 : C18263 : C18257
R09174 : C14519 C00007 : C18266 C00001
R09175 : C18266 : C18264
R09176 : C18264 : C18258
R09177 : C00019 C14519 : C18259 C00021
R09178 : C18259 C00007 : C00001 C18262
R09179 : C18262 : C18261
R09180 : C05694 C18261 : C05693 C18260
R09181 : C14519 : C18269
R09182 : C18275 C00007 : C18271
R09183 : C00003 C18276 : C18278 C00080 C00004
R09184 : C18278 C00007 : C18272
R09185 : C18272 : C18281 C00058
R09201 : C00004 C00080 C18300 C00007 : C00003 C18301
R09202 : C18271 : C18273
R09203 : C18272 : C18274
R09204 : C07535 C00080 C00007 C00004 : C00003 C18270
R09205 : C18270 : C18279
R09206 : C18279 C00007 : C18277
R09207 : C18277 : C18283 C00011
R09208 : C18277 : C18282 C00011
R09209 : C07535 C00080 C00007 C00004 : C18284 C00003
R09210 : C07535 C00007 : C18286
R09211 : C00001 C18286 : C18285
R09212 : C18285 : C18280
R09213 : C00003 C18301 : C00004 C00080 C18302
R09214 : C00007 C18302 : C18303
R09215 : C18303 : C18308
R09216 : C18284 : C18280
R09217 : C18308 : C18309 C01327
R09218 : C18251 : C18252
R09219 : C00004 C00080 C18251 : C18250 C00003
R09220 : C18309 C00001 : C18310
R09221 : C18303 : C01327 C18304
R09222 : C00001 C18304 : C18305
R09223 : C00004 C00080 C18305 : C18306 C00003 C01327
R09224 : C00004 C18306 C00080 : C18307 C00003
R09225 : C04558 : C18311
R09226 : C18311 C00001 : C18312
R09227 : C00004 C01606 C00080 C00007 : C00003 C18314
R09228 : C00003 C18314 : C00004 C00080 C03223
R09229 : C04112 : C04558
R09230 : C00004 C00080 C16398 : C00001 C00003 C14401
R09231 : C00004 C00080 C11006 : C00001 C00003 C16398
R09232 : C00004 C00080 C11006 : C00001 C18320 C00003
R09233 : C00004 C00080 C11006 C00007 : C00003 C18315 C00088
R09234 : C00080 C18315 C00005 C00007 : C00001 C00088 C18316 C00006
R09235 : C00004 C18320 C00080 : C00001 C00003 C14401
R09236 : C00004 C00080 C18316 : C00003 C18317
R09237 : C18317 C00007 : C18318
R09238 : C18318 C00001 : C00022 C06002
R09239 : C18250 : C18251
R09240 : C00080 C16398 C00005 : C00001 C00006 C14401
R09241 : C00080 C11006 C00005 : C00001 C16398 C00006
R09242 : C00080 C11006 C00005 : C00001 C18320 C00006
R09243 : C18320 C00080 C00005 : C00001 C00006 C14401
R09252 : C04253 C09811 : C04570 C06322
R09270 : C00101 C10833 : C00440 C05616
R09271 : C00101 C05616 : C00440 C01424
R09272 : C05616 C00007 : C18345
R09273 : C18345 C00001 : C04434 C00132
R09274 : C18345 : C03671 C00132
R09275 : C18347 C00080 C00007 C00005 : C00001 C18348 C00067 C00006
R09276 : C18348 C00007 : C18349
R09277 : C00001 C18349 : C18338 C06035
R09278 : C18338 : C00011 C06672
R09279 : C00002 C00989 C00010 : C11062 C00013 C00020
R09280 : C00080 C00005 C00091 : C00010 C00232 C00006
R09281 : C00989 C00006 : C00080 C00232 C00005
R09282 : C18323 C00001 : C01011
R09283 : C06028 : C18323
R09284 : C14602 : C18351
R09285 : C18351 C00001 : C00014 C02814
R09286 : C05668 C00013 C00020 : C00010 C00002 C01013
R09287 : C00001 C14604 : C00014 C02814
R09288 : C00004 C00080 C14418 : C00001 C00003 C14602
R09289 : C00006 C01013 : C00222 C00080 C00005
R09291 : C18026 C00006 : C00080 C00011 C00877 C00005
R09292 : C20238 : C18324
R09293 : C04253 C18324 : C04570 C06028
R09385 : C00004 C00080 C00521 C00007 : C19081 C00001 C00003
R09387 : C19081 C00001 : C19082
R09388 : C19082 C00003 : C00004 C00080 C19083
R09389 : C00080 C00521 C00005 C00007 : C19081 C00001 C00006
R09390 : C00080 C19083 C00005 C00007 : C19084 C00001 C00006
R09391 : C19084 : C11419
R09392 : C19079 : C11405
R09393 : C00080 C06099 C00005 C00007 : C00001 C07271 C00006
R09397 : C00044 C19156 : C00013 C19155
R09398 : C19154 C19155 : C00144 C19153
R09399 : C00025 C00044 C19153 : C19152 C00009 C00035
R09400 : C19152 C00025 C00044 : C00876 C00009 C00035
R09401 : C00002 C00876 C00025 : C00009 C00008 C19151
R09446 : C00533 C00080 C00005 : C00887 C00001 C00006
R09471 : C00001 C01297 : C19631 C00218
R09472 : C00004 C19631 C00080 C00007 : C01059 C00001 C00003 C00232
R09473 : C00001 C00923 C00253 : C00924 C00080 C01020
R09479 : C00399 C00469 : C00390 C00084
R09497 : C15603 C00244 : C00001 C15602 C00088
R09499 : C00125 C00283 : C00126 C00080 C00087
R09512 : C00080 C08060 C00005 C00007 : C08061 C00006
R09514 : C00004 C00366 C00080 C00007 : C00001 C00003 C11821
R09518 : C15603 C00007 C01438 : C00001 C00132 C15602
R09554 : C19683 C00001 C00006 : C00080 C19682 C00005
R09555 : C00080 C00512 C00005 C00007 : C00001 C19684 C00006
R09565 : C01424 C00007 : C04434
R09720 : C01251 : C05662
R09738 : C00136 C00006 : C00080 C00877 C00005
R09796 : C00256 : C00001 C00546
R09799 : C00533 C00126 C00014 : C00001 C00125 C05361
R09800 : C00001 C06231 : C19929
R09801 : C00001 C19929 : C00033 C03283
R09805 : C00001 C00441 C00003 : C00004 C00049 C00080
R09808 : C00533 C19935 : C00887 C00697
R09809 : C00533 C00014 : C00887 C00001
R09819 : C01847 C19944 C00007 : C04793 C00001 C00061
R09820 : C00001 C19946 C00006 : C00080 C19945 C00005
R09836 : C19975 C00001 : C19946
R09837 : C20062 : C19975
R09838 : C00080 C00005 C00007 C00582 : C00001 C20062 C00006
R09839 : C19945 C00010 : C00024 C14144
R09860 : C00080 C00138 C20144 C00007 : C00001 C00139 C14909
R09883 : C00001 C04844 : C20199 C20240
R09884 : C00028 C00280 : C00030 C20144
R09885 : C14909 : C19944
R09919 : C21076 : C00280
R09920 : C00187 C00003 : C00004 C00080 C00599
R09951 : C00003 C19891 : C00004 C00080 C20251
R09952 : C20251 : C00691
R09953 : C00003 C06153 : C00004 C00691 C00080
R09954 : C06153 C00006 : C00691 C00080 C00005
R09955 : C20252 : C00280
R09956 : C00003 C07635 : C00004 C00080 C00674
R09957 : C01227 C00003 : C00004 C00080 C20252
R09979 : C18026 : C20238
R09998 : C03576 C00218 : C03920 C00014
R09999 : C03576 C00543 : C03920 C00218
R10003 : C00002 C20271 C00010 : C07160 C00013 C00020
R10010 : C00047 : C20277
R10011 : C00002 C20277 C00047 : C20278 C07305
R10012 : C00001 C20278 C00003 : C00004 C00080 C20279 C00014
R10013 : C20279 : C00001 C16138
R10021 : C00003 C03448 : C00004 C00080 C03037
R10022 : C02952 : C20271
R10042 : C00004 C01407 C00007 C00080 : C00146 C00001 C00003
R10043 : C00146 C00080 C00007 C00004 : C00001 C00090 C00003
R10044 : C00080 C00005 C07160 C00007 : C00001 C20321 C00006
R10090 : C03955 C00002 C00158 : C20333 C00013 C00020
R10091 : C03955 C20333 C00002 : C00013 C00020 C05554
R10101 : C00001 C00007 C15987 : C00218 C00232 C00027
R10102 : C00001 C00007 C15987 : C00027 C00067 C00334
R10103 : C00001 C20361 C00125 : C19567 C00126 C00080 C00218
R10105 : C19567 C00001 C00006 : C19569 C00080 C00005
R10125 : C09849 C00003 : C00004 C09848 C00080
R10126 : C00003 C11386 : C00004 C00080 C11384
R10131 : C00003 C20381 : C00004 C00080 C16152
R10132 : C00006 C20381 : C00080 C16152 C00005
R10136 : C00101 C06672 : C00440 C00230
R10146 : C00004 C00094 C00080 : C00001 C00003 C00283
R10147 : C00441 C00022 : C20258 C00001
R10149 : C00320 C05819 : C11481 C00828 C00283
R10150 : C02084 C05359 : C00320
R10151 : C00001 C00320 C00125 : C00059 C00126 C00080
R10152 : C00283 C15602 : C19692 C15603
R10164 : C00192 C00001 C00125 : C00126 C00080 C00088
R10178 : C00022 C00334 : C00232 C00041
R10210 : C00001 C20447 : C00026 C00010
R10211 : C03724 C00001 : C20447
R10212 : C00001 C14279 C00007 : C01546 C00027
R10213 : C20450 : C01546 C00011
R10217 : C00004 C00080 C14279 : C00003 C20441
R10218 : C00004 C00080 C11101 : C00003 C20443
R10219 : C18802 C00024 : C00237 C18799 C00010
R10221 : C00003 C00345 : C00004 C00199 C00011 C00080
R10243 : C00101 C00024 : C00237 C00440 C00010
R10308 : C01500 C00003 : C00004 C01499 C00080
R10324 : C00001 C00028 C00577 : C00030 C00258
R10343 : C00033 C00091 : C00024 C00042
R10390 : C00282 C19692 : C19692 C00283
R10391 : C16583 : C16597
R10392 : C16583 : C00001 C20581
R10393 : C00001 C20581 : C16597
R10394 : C16598 : C16600
R10395 : C16598 : C20582 C00001
R10396 : C20582 C00001 : C16600
R10397 : C16590 : C16593
R10407 : C03752 C04261 : C20589 C00615
R10408 : C20589 : C04442 C00014
R10601 : C04253 C09823 : C04570 C09811
R10612 : C04348 C00001 : C00149 C00010
R10615 : C00001 C00577 C00006 : C00080 C00258 C00005
R10616 : C01216 : C00022 C00577
R10660 : C03576 C00122 C04628 : C04832 C00042
R10689 : C00001 C18028 : C01720
R10690 : C00003 C03827 : C20781 C00080 C00004
R10691 : C20781 C00001 : C00186 C00022
R10697 : C20782 : C00601
R10758 : C00002 C00989 C00010 : C00009 C11062 C00008
R10769 : C00002 C20199 C00010 : C20838 C00013 C00020
R10782 : C11062 : C00001 C00877
R10788 : C00507 C00006 : C00080 C02991 C00005
R10797 : C00058 C00876 : C01080 C00011
R10858 : C00001 C00007 C11101 : C20450 C00027
R10860 : C00118 C00003 C00001 : C00004 C00197 C00080
R10866 : C02869 C00022 C00010 : C02745 C00011 C00024
R10904 : C01732 C00091 : C06028 C00042
R10907 : C00003 C01172 : C00004 C00080 C01236
R10961 : C00030 C00512 : C06322 C00028
R10978 : C00001 C20990 : C20988
R10979 : C20988 : C01255
R10995 : C00507 C00003 : C00004 C00080 C02991
R11048 : C01056 C00007 : C21075 C00027
R11049 : C00001 C21075 : C01297
R11050 : C03043 C00007 : C21075 C00027
R11074 : C00149 : C00186 C00011
R11091 : C21103 C00080 C00004 : C00003 C07097
R11092 : C00004 C00080 C21104 : C06600 C00003
R11093 : C00004 C00080 C21105 : C07102 C00003
R11150 : C00004 C18315 C00007 C00080 : C00088 C00003 C18316 C00001
R11153 : C00004 C00080 C16361 C00007 : C00001 C00003 C21144
R11175 : C00745 C00125 : C21154 C00080 C00126
R11176 : C00001 C21154 : C20361
R11178 : C00001 C20361 : C19569 C00218
R11179 : C19569 C00001 C00028 : C19631 C00030
R11194 : C00001 C14582 C05357 : C05358 C00080 C21166
R11195 : C00001 C21166 C00006 : C21167 C00080 C00005
R11196 : C21167 : C21168
R11197 : C00004 C21168 C00080 C00007 : C00001 C00003 C00011 C00230
R11198 : C21168 C00080 C00007 C00005 : C00001 C00011 C00230 C00006
R11339 : C03979 C00003 : C20781 C00080 C00004
R11347 : C00004 C01751 C00007 C00080 : C00001 C00003 C02814
R11348 : C01352 C01751 C00007 : C00001 C00016 C02814
R11353 : C21298 : C01751 C00011
R11357 : C00138 C00080 C00599 C00007 : C00001 C00139 C21076
R11361 : C22150 C00599 C00007 : C00001 C20839 C22151
R11448 : C00004 C21390 C00007 C00080 : C00001 C00003 C06142
R11487 : C00001 C00094 C15602 : C00059 C15603
R11540 : C00001 C21451 : C21451 C21450
R11541 : C00001 C21450 : C06337 C01380
R11585 : C00003 C03434 : C00004 C18933 C00080
R11617 : C00001 C01444 : C00209 C00014
R11626 : C19609 C05778 : C00080 C21510
R11627 : C00002 C00001 C21510 C00064 : C00025 C00009 C00008 C21511
R11628 : C00002 C00001 C00030 C21511 : C21512 C00009 C00008 C00028
R11629 : C21512 C00002 : C05777 C00009 C00008
R11769 : C19682 : C14144
R11897 : C03576 C06548 : C21752
R11898 : C21752 : C00024
R11899 : C20303 C03576 : C21753
R11900 : C21753 : C00024
R11901 : C00004 C06793 C00007 C00080 : C00001 C20303 C00003
R11928 : C00876 C00080 C03576 C04628 C00138 : C01080 C00139 C04832
R11929 : C00051 C00283 C15602 : C17267 C15603
R11931 : C00139 C03576 C04628 : C00138 C00080 C04832
R11943 : C00080 C00138 C03576 C04628 : C00282 C00139 C04832
R11944 : C00080 C03576 C00011 C04628 C00138 : C00058 C00139 C04832
R12025 : C00003 C21859 : C00004 C00080 C06644
R12149 : C01847 C21929 C00007 : C00001 C00061 C21930
R12161 : C00019 C00082 C04732 : C15809 C00073 C05198 C21971
R12162 : C00019 C21971 : C00073 C05198 C19154 C00014
R12214 : C00026 C01672 : C12455 C00025
R12215 : C12455 C00001 C00003 : C00431 C00080 C00004
R12216 : C00026 C00489 C00007 : C03196 C00011 C00042
R12217 : C03196 C15602 : C00026 C15603
R12291 : C03576 C01330 C18799 : C18802 C03920 C01330
R12301 : C01502 C03024 C00007 : C00001 C00090 C00067 C03161
R12332 : C00001 C06554 : C22084
R12333 : C00001 C22084 : C00014 C22085
R12334 : C22085 : C00011 C01010
R12335 : C22084 : C00011 C06555
R12646 : C00044 C00074 : C22297 C00013
R12648 : C22297 C19154 : C00144 C22277
R12720 : C00061 C19153 : C01847 C22277
R12754 : C00282 C00011 : C00058
R13011 : C00322 C00007 : C01087 C00011
R13034 : C00739 : C03239
R13035 : C00489 C00091 : C00527 C00042
R13036 : C01087 : C00026
R13037 : C04076 : C00956
R13091 : C21930 : C20271
R13092 : C02069 C00809 C00007 : C22610 C03302 C00001
R13093 : C22610 C00003 : C00004 C00080 C21929
R13105 : C20836 C00006 : C00080 C18028 C00005
R13137 : C00125 C00042 : C00126 C00122
R13144 : C01019 : C20836
R13181 : C03827 : C00022 C00424
R13199 : C00668 : C00085
