R00008 : C06033 : C00022
R00226 : C06010 C00011 : C00022
R00237 : C01011 : C00024 C00022
R00262 : C03618 : C00025
R00325 : C02614 : C00033 C00022
R00932 : C02630 C00010 : C00001 C00048 C00100
R00934 : C00048 C00100 : C06027
R00993 : C00109 C00009 C00007 : C00027 C02876 C00011
R00994 : C00080 C00109 C00004 C00011 : C00003 C06032
R00995 : C06030 : C00109 C00011
R02243 : C00417 : C00490 C00011
R02244 : C02341 : C00417
R02404 : C00002 C00490 C00010 : C00008 C00531 C00009
R02407 : C00091 C00490 : C00042 C00531
R02491 : C01011 : C00001 C00531
R02711 : C00002 C00014 C00651 : C01109 C00020 C00013
R02712 : C01109 C00001 : C00014 C00651
R02713 : C00651 : C06035
R02948 : C06010 : C00011 C00810
R03153 : C00024 C02614 : C00033 C01011
R03154 : C00091 C02614 : C00042 C01011
R03693 : C02614 : C00001 C01732
R03694 : C00001 C01732 : C06029
R03695 : C01732 C00010 : C00001 C06028
R03696 : C03618 : C01732 C00014
R03896 : C02612 : C00001 C02226
R03897 : C00001 C02226 : C06031
R03898 : C00001 C02226 : C06032
R03995 : C02612 C00011 : C00001 C06033
R04269 : C03618 C00026 : C00025 C06030
R05076 : C06027 : C00001 C06028
R05077 : C00014 C06033 : C00001 C06034
R05078 : C06033 : C06035 C00001
R05079 : C06035 C00014 : C00001 C06234
R07399 : C00024 C00022 C00001 : C02612 C00010
R11749 : C02341 : C00490 C00011
R11750 : C00490 : C21632
R13177 : C00003 C00810 C00010 : C00080 C00024 C00004 C00084
