R00068 : C00007 C00072 : C00001 C05422
R00095 : C00003 C00072 : C00004 C01041 C00080
R00264 : C00006 C00001 C00433 : C00005 C00026 C00080
R00286 : C00003 C00029 C00001 : C00004 C00167 C00080
R00640 : C00125 C01115 : C00126 C00072 C00080
R00643 : C01115 C00007 : C00072 C00027
R00645 : C00072 C00028 : C01041 C00030
R00646 : C00001 C00072 C00007 : C01620 C00209
R00647 : C00072 : C03289
R00889 : C00096 : C02280
R01108 : C00051 C05422 : C00127 C00072
R01184 : C00137 C00007 : C00001 C00191
R01381 : C00075 C05385 : C00167 C00013
R01383 : C01335 C00167 : C00015 C03033
R01385 : C00167 : C00617
R01476 : C00191 C00002 : C05385 C00008
R01478 : C00001 C03033 : C00069 C00191
R01481 : C00006 C00800 : C00005 C00191 C00080
R01483 : C00001 C02670 : C00191
R01574 : C00216 C00003 : C00004 C00652 C00080
R01575 : C00216 C00006 : C00005 C00652 C00080
R01757 : C00003 C00259 : C00004 C01114 C00080
R01784 : C00684 : C00266 C00022
R02278 : C00684 : C00001 C00433
R02279 : C00679 : C00011 C00001 C00433
R02522 : C00545 : C00001 C00684
R02526 : C00001 C01114 : C00545
R02634 : C00617 C00013 : C04037 C00075
R02637 : C00618 C00003 : C00004 C04575 C00080
R02639 : C00006 C00618 : C00005 C04575 C00080
R02714 : C00001 C00652 : C00878
R02715 : C00652 C00007 : C00027 C06316
R02752 : C00818 : C00679 C00001
R02754 : C00679 : C01146 C00022
R02933 : C00001 C01040 : C00800
R02957 : C00003 C02670 C00001 : C00004 C00080 C00818
R03032 : C00878 : C03826 C00001
R03183 : C00006 C01040 : C00005 C02670 C00080
R03184 : C00007 C01040 : C00027 C03289
R03185 : C01041 C00028 : C00030 C05422
R03186 : C01041 : C05422 C00072
R03244 : C01101 : C03291
R03277 : C01146 C00022 : C03921
R03733 : C01620 C00003 : C03064 C00004 C00080
R04515 : C00001 C04575 : C00011 C05411
R04784 : C00001 C04575 : C05412 C00011
R04785 : C00001 C05422 : C04575
R05608 : C00879 : C00679 C00001
R05850 : C01101 : C00231
R07125 : C14899 C00080 : C00011 C03291
R07127 : C00618 C00002 : C14899 C00008
R07671 : C00072 C04261 : C16186 C00615
R07672 : C00096 : C15925
R07673 : C15925 : C02280
R07674 : C15926 C00001 : C01825 C00009
R07675 : C00003 C01825 : C00004 C01115 C00080
R07676 : C00006 C15930 : C00005 C00333 C00080
R07677 : C16186 C00001 : C14899
R07678 : C00636 C02280 : C15926 C00096
R07679 : C00125 C00072 : C00126 C05422 C00080
R07680 : C00001 C01115 : C15930
R08056 : C00818 : C00001 C03921
R08615 : C00001 C00167 : C00191 C00015
R09186 : C03826 : C00001 C00433
R09540 : C00072 C00027 : C01041 C00001
R10787 : C00006 C00259 : C00005 C01114 C00080
R10841 : C00003 C00333 : C00004 C20889 C00080
R10846 : C20889 : C20896
R10847 : C20896 : C00679
R12146 : C00003 C15930 : C00004 C00558 C00080
R12155 : C00001 C21955 : C15930
R12156 : C00006 C01825 : C00005 C00080 C21955
R12661 : C04037 C00001 : C00333 C00009
R12761 : C05412 : C00001 C00684
