R00289 : C00103 C00075 : C00029 C00013
R00291 : C00029 : C00052
R00502 : C00075 C00446 : C00013 C00052
R00503 : C00031 C00052 : C00015 C00243
R00505 : C00052 : C03733
R00506 : C05796 C00052 : C00015 C05796
R00801 : C00001 C00089 : C00031 C00095
R00955 : C00029 C00446 : C00103 C00052
R00959 : C00103 : C00668
R01064 : C01286 : C00118 C00022
R01069 : C03785 : C00111 C00118
R01092 : C00984 C00002 : C00446 C00008
R01093 : C00004 C00080 C00124 : C00003 C01697
R01094 : C00003 C00124 : C03383 C00080 C00004
R01095 : C00005 C00080 C00124 : C00006 C01697
R01096 : C00006 C00124 : C02669 C00005 C00080
R01097 : C00006 C00124 : C03383 C00005 C00080
R01098 : C00007 C00001 C00124 : C00880 C00027
R01101 : C00001 C05402 : C00031 C00124
R01103 : C00492 C00001 : C00089 C00124
R01104 : C05401 C00001 : C00116 C00124
R01105 : C05796 C00001 : C05796 C00124
R01192 : C00137 C00052 : C00015 C01235
R01194 : C01235 C00001 : C00137 C00124
R01329 : C05400 C00001 : C00159 C00124
R01678 : C00243 C00001 : C00267 C00124
R01786 : C00002 C00267 : C00668 C00008
R01788 : C00668 C00001 : C00009 C00267
R02410 : C00492 C00001 : C00095 C05402
R02411 : C01235 C00089 : C00492 C00137
R02926 : C00001 C05399 : C00124 C00794
R02927 : C00795 C00002 : C01097 C00008
R02928 : C00003 C01697 : C00795 C00004 C00080
R03033 : C00880 : C01216 C00001
R03034 : C03383 C00001 : C00880
R03236 : C00002 C01097 : C00008 C03785
R03237 : C00063 C01097 : C00112 C03785
R03238 : C00075 C01097 : C00015 C03785
R03239 : C00081 C01097 : C00104 C03785
R03240 : C01113 : C01097
R03256 : C05396 C00001 : C01113 C00221
R03387 : C00002 C01216 : C01286 C00008
R03418 : C00492 C01235 : C01613 C00137
R03634 : C01613 C00001 : C00492 C00124
R03635 : C01613 C00001 : C05404 C00095
R04393 : C04261 C00243 : C05396 C00615
R05168 : C00001 C06376 : C06377 C00033
R05549 : C05404 C00001 : C05402 C00124
R05570 : C04261 C01697 : C00615 C06311
R05571 : C00003 C06311 : C00004 C01097 C00080
R08365 : C06377 C00001 : C01097 C00014
R08366 : C04261 C01132 : C00615 C06376
R08367 : C02262 C04261 : C06377 C00615
R08544 : C00003 C00124 : C00004 C02669 C00080
R10604 : C02669 C00001 : C00880
R10616 : C01216 : C00577 C00022
R10619 : C00124 : C00984
R11623 : C01097 : C00085
