R00264 : C00001 C00433 C00006 : C00080 C00005 C00026
R00286 : C00001 C00029 C00003 : C00167 C00080 C00004
R00289 : C00103 C00075 : C00013 C00029
R01381 : C00075 C05385 : C00013 C00167
R01383 : C00167 C01335 : C00015 C03033
R01429 : C00181 C00003 : C00080 C02266 C00004
R01430 : C00181 C00006 : C00005 C02266 C00080
R01431 : C00379 C00006 : C00005 C00181 C00080
R01432 : C00181 : C00310
R01476 : C00002 C00191 : C05385 C00008
R01478 : C00001 C03033 : C00191 C00069
R01481 : C00006 C00800 : C00191 C00005 C00080
R01482 : C00191 : C00905
R01524 : C01068 C00003 : C00199 C00080 C00004
R01525 : C01068 C00006 : C00199 C00005 C00080
R01526 : C00002 C00309 : C00199 C00008
R01529 : C00199 : C00231
R01540 : C00817 : C00001 C00204
R01542 : C00204 C00003 : C04349 C00080 C00004
R01577 : C00216 : C00309
R01639 : C00002 C00310 : C00231 C00008
R01758 : C00532 C00003 : C00259 C00080 C00004
R01759 : C00532 C00006 : C00259 C00005 C00080
R01761 : C00259 : C00508
R01782 : C03826 : C00266 C00022
R01785 : C06441 : C00111 C00266
R01892 : C00125 C00474 : C00080 C00309 C00126
R01895 : C00474 C00003 : C00080 C00309 C00004
R01896 : C00379 C00003 : C00080 C00310 C00004
R01898 : C00310 : C00476
R01901 : C00002 C00312 : C00008 C03291
R01902 : C00002 C00312 : C00008 C06441
R01903 : C00532 C00003 : C00080 C00312 C00004
R01904 : C00379 C00006 : C00005 C00312 C00080
R01905 : C00618 : C00312 C00011
R01906 : C00312 : C01508
R01982 : C00470 C00001 : C00470 C00333
R01983 : C00333 : C00558
R02360 : C00470 C00001 : C00470 C02273
R02361 : C00470 : C00470 C06118
R02362 : C00714 C00001 : C00470 C00132
R02427 : C00001 C02266 : C00502
R02428 : C00001 C02753 : C00502
R02429 : C00502 : C00001 C03826
R02439 : C00002 C00508 : C01101 C00008
R02441 : C00532 C00003 : C00080 C00004 C00508
R02454 : C00514 C00003 : C00080 C00004 C00905
R02555 : C00817 C00003 : C00558 C00080 C00004
R02637 : C00618 C00003 : C00080 C04575 C00004
R02639 : C00618 C00006 : C00005 C04575 C00080
R02640 : C00003 C00800 : C00080 C00618 C00004
R02921 : C00063 C01068 : C00013 C00789
R03244 : C01101 : C03291
R04382 : C06118 : C04053
R04383 : C04053 : C04349
R04515 : C00001 C04575 : C05411 C00011
R04784 : C00001 C04575 : C05412 C00011
R05604 : C01904 C00003 : C00080 C00310 C00004
R05606 : C00514 : C00001 C00204
R05831 : C00379 C00003 : C00080 C00312 C00004
R05850 : C01101 : C00231
R07125 : C14899 C00080 : C03291 C00011
R07127 : C00002 C00618 : C14899 C00008
R07134 : C01904 C00003 : C00080 C00309 C00004
R07143 : C01904 C00006 : C00005 C00310 C00080
R07144 : C01904 C00006 : C00005 C00309 C00080
R07152 : C00379 C00007 : C00181 C00027
R07413 : C00001 C02273 : C00333
R07676 : C15930 C00006 : C00333 C00005 C00080
R09186 : C03826 : C00001 C00433
R09477 : C00379 C00003 : C00181 C00004 C00080
R10532 : C15930 : C00001 C20680
R10550 : C20680 : C02426 C00022
R10563 : C00005 C02426 C00080 : C00116 C00006
R10565 : C15930 C00003 : C00333 C00080 C00004
R10848 : C00003 C00800 : C00080 C00004 C00905
R11624 : C00558 : C00905
R11768 : C00001 C00433 C00003 : C00080 C00004 C00026
R12643 : C00181 C00006 : C00005 C02753 C00080
R12695 : C00002 C00309 : C22337 C00008
R12696 : C22337 : C00111 C00266
R13196 : C22712 : C04053
R13198 : C02273 : C00333 C22712
