R00048 : C04546 C00001 : C01089
R00212 : C00024 C00058 : C00010 C00022
R00215 : C00003 C00497 : C00080 C00004 C00011 C00022
R00226 : C00011 C06010 : C00022
R00238 : C00024 : C00010 C00332
R00261 : C00025 : C00334 C00011
R00410 : C00091 C00164 : C00042 C00332
R00713 : C00003 C00001 C00232 : C00042 C00004 C00080
R00714 : C00006 C00001 C00232 : C00042 C00080 C00005
R01087 : C01384 : C00122
R01171 : C00003 C00136 : C00080 C00004 C00877
R01172 : C00010 C00003 C01412 : C00080 C00004 C00136
R01173 : C00010 C00006 C01412 : C00005 C00080 C00136
R01174 : C00009 C00136 : C00010 C02527
R01175 : C00016 C00136 : C01352 C00877
R01176 : C00246 C00010 C00002 : C00013 C00136 C00020
R01179 : C00033 C00136 : C00246 C00024
R01196 : C00080 C00024 C00011 C00138 : C00010 C00139 C00022
R01357 : C00010 C00002 C00164 : C00013 C00020 C00332
R01358 : C00001 C00332 : C00010 C00164
R01359 : C00033 C00332 : C00024 C00164
R01360 : C00356 : C00024 C00164
R01361 : C00003 C01089 : C00080 C00004 C00164
R01366 : C00164 : C00011 C00207
R01367 : C00164 : C00001 C06144
R01550 : C00005 C00080 C00207 : C00006 C01845
R01644 : C00003 C00989 : C00080 C00004 C00232
R01648 : C00334 C00026 : C00232 C00025
R01688 : C00246 C00002 : C02527 C00008
R01975 : C00003 C01144 : C00080 C00004 C00332
R01976 : C00006 C01144 : C00005 C00080 C00332
R01977 : C03561 C00006 : C00005 C00080 C00332
R01978 : C00010 C00356 : C00024 C00001 C00332
R02164 : C00042 C15602 : C15603 C00122
R02419 : C00497 : C01384 C00001
R02855 : C00003 C00810 : C00080 C00004 C00741
R02946 : C00003 C03044 : C00080 C00004 C00810
R02948 : C06010 : C00810 C00011
R02949 : C00810 : C01769
R03026 : C01144 : C00001 C00877
R03027 : C03561 : C00001 C00877
R03028 : C02411 : C00011 C00877
R03031 : C02331 : C00877
R03276 : C01144 : C03561
R03534 : C00016 C02630 : C01352 C00026
R03544 : C00080 C00004 C01412 : C00003 C06142
R03545 : C00005 C00080 C01412 : C00006 C06142
R03707 : C00003 C03046 : C00080 C00004 C01769
R03937 : C00001 C02411 : C03058
R04000 : C00024 C02630 : C00033 C03058
R04254 : C03561 : C00010 C06143
R05118 : C06143 C00001 : C04546 C11552
R05119 : C00003 C00001 C06145 : C00080 C00004 C06144
R05120 : C00001 C06145 C00113 : C01359 C06144
R05121 : C01359 C06145 : C06146 C00113
R05336 : C00024 C00989 : C00033 C11062
R09078 : C00080 C00004 C00741 : C00003 C01769
R09280 : C00005 C00080 C00091 : C00006 C00010 C00232
R09281 : C00006 C00989 : C00005 C00080 C00232
R09738 : C00006 C00136 : C00005 C00080 C00877
R10178 : C00334 C00022 : C00041 C00232
R10343 : C00033 C00091 : C00042 C00024
R10504 : C00003 C20657 : C00080 C00004 C01769
R10505 : C00003 C20657 : C00080 C00004 C00810
R10506 : C00028 C06010 : C00030 C00011 C00741
R10702 : C00080 C00004 C00007 C20783 : C00003 C00001 C01845
R10703 : C00003 C01845 : C00080 C00004 C00207
R10704 : C00005 C00080 C00207 C00007 : C17530 C00001 C00006
R10705 : C17530 C00001 : C00033 C00132
R10782 : C11062 : C00001 C00877
R11448 : C00080 C00004 C21390 C00007 : C00003 C00001 C06142
R13137 : C00042 C00125 : C00122 C00126
