R00233 : C00083 : C00024 C00011
R00353 : C00022 C00083 : C00024 C00036
R00405 : C00042 C00002 C00010 : C00091 C00009 C00008
R00409 : C04593 : C00042 C00022
R00432 : C00042 C00044 C00010 : C00035 C00091 C00009
R00705 : C00222 C00003 C00010 : C00024 C00011 C00004 C00080
R00706 : C00006 C00222 C00010 : C00024 C00011 C00005 C00080
R00740 : C00006 C00222 C00010 : C00005 C00083 C00080
R00742 : C00024 C00002 C00288 : C00083 C00009 C00008
R00744 : C00005 C00083 C00080 : C05989 C00001 C00006
R00833 : C01213 : C00091
R00907 : C00041 C00222 : C00022 C00099
R00908 : C00099 C00026 : C00222 C00025
R00914 : C00099 : C02335
R00919 : C00100 C00006 : C00894 C00005 C00080
R00920 : C00002 C00163 C00010 : C00100 C00009 C00008
R00921 : C00100 C00009 : C02876 C00010
R00923 : C00683 : C00100 C00011
R00926 : C05983 C00010 : C00100 C00020
R00928 : C00024 C00163 : C00100 C00033
R00930 : C00022 C00683 : C00100 C00036
R00931 : C02225 C00010 : C00100 C00036 C00001
R00935 : C06002 C00003 C00010 : C00100 C00011 C00004 C00080
R00993 : C00007 C00009 C00109 : C00011 C02876 C00027
R01000 : C00003 C05984 : C00004 C00109 C00080
R01016 : C00111 : C00546 C00009
R01199 : C00139 C00109 C00010 : C00100 C00011 C00080 C00138
R01353 : C00002 C00163 : C00008 C02876
R01354 : C00002 C00163 : C00013 C05983
R01449 : C00827 C00163 : C00100 C00186
R01608 : C01013 C00003 : C00222 C00004 C00080
R01611 : C00222 : C00804 C00001
R01859 : C00100 C00002 C00288 : C00009 C00008 C00683
R02257 : C00583 C00003 : C00004 C00424 C00080
R02260 : C00424 C00006 : C00546 C00005 C00080
R02376 : C00583 : C00001 C00479
R02377 : C00003 C05979 : C00004 C00479 C00080
R02528 : C00546 C00005 C00080 : C05235 C00006
R02764 : C00001 C00683 : C02170 C00010
R02765 : C01213 : C00683
R02963 : C00827 : C00894 C00001
R03045 : C05668 : C00894 C00001
R03046 : C02335 : C00894 C00014
R03158 : C01013 C00010 : C05668 C00001
R03381 : C06002 C00003 C00010 : C00004 C00080 C01213
R03872 : C02170 : C06002
R04424 : C02225 : C00001 C04225
R04425 : C04593 : C00001 C04225
R04432 : C00100 C04253 : C04570 C00894
R04919 : C05668 C00006 : C05989 C00005 C00080
R06987 : C00109 C00010 : C00100 C00058
R07618 : C00003 C15973 : C00004 C15972 C00080
R09097 : C00003 C00479 C00010 : C00100 C00004 C00080
R10161 : C00100 C00003 : C00894 C00004 C00080
R10715 : C00003 C00424 : C00546 C00004 C00080
R10717 : C00583 C00003 : C05235 C00004 C00080
R10718 : C00546 C00004 C00080 : C05235 C00003
R10996 : C00068 C00109 : C00011 C21017
R10997 : C15972 C21017 : C00068 C21018
R10998 : C00100 C15973 : C21018 C00010
R11263 : C02225 : C00001 C21250
R11264 : C21250 : C04225
R11773 : C00100 C00042 : C00091 C00163
R12356 : C00100 C00007 : C00894 C00027
R13136 : C00003 C00163 : C00004 C00080 C00511
