R00114 : C00025 C00006 : C00064 C00005 C00080 C00026
R00149 : C00001 C00011 C00002 C00014 : C00169 C00009 C00008
R00177 : C00019 C00009 C00013 : C00001 C00002 C00073
R00194 : C00001 C00021 : C00147 C03539
R00200 : C00022 C00002 : C00074 C00008
R00220 : C00065 : C00022 C00014
R00226 : C00011 C06010 : C00022
R00239 : C00025 C00002 : C03287 C00008
R00253 : C00025 C00002 C00014 : C00064 C00009 C00008
R00258 : C00041 C00026 : C00022 C00025
R00259 : C00024 C00025 : C00010 C00624
R00267 : C00311 C00006 : C00080 C00005 C00011 C00026
R00271 : C00024 C00001 C00026 : C01251 C00010
R00344 : C00022 C00002 C00288 : C00036 C00009 C00008
R00351 : C00158 C00010 : C00024 C00036 C00001
R00355 : C00049 C00026 : C00036 C00025
R00397 : C00049 : C00041 C00011
R00451 : C00680 : C00047 C00011
R00480 : C00049 C00002 : C03082 C00008
R00483 : C00049 C00002 C00014 : C00020 C00152 C00013
R00551 : C00001 C00062 : C00086 C00077
R00578 : C00049 C00001 C00064 C00002 : C00020 C00152 C00025 C00013
R00582 : C00001 C01005 : C00065 C00009
R00586 : C00024 C00065 : C00010 C00979
R00658 : C00631 : C00001 C00074
R00669 : C00001 C00437 : C00033 C00077
R00671 : C00077 : C00148 C00014
R00691 : C00826 : C00001 C00011 C00079
R00694 : C00026 C00079 : C00166 C00025
R00709 : C00311 C00003 : C00080 C00011 C00026 C00004
R00715 : C00001 C00003 C00449 : C00047 C00080 C00026 C00004
R00732 : C00826 C00003 : C00080 C00082 C00011 C00004
R00733 : C00826 C00006 : C00080 C00005 C00082 C00011
R00734 : C00082 C00026 : C00025 C01179
R00751 : C00188 : C00084 C00037
R00756 : C00002 C00085 : C00354 C00008
R00897 : C00283 C00979 : C00097 C00033
R00945 : C00001 C00143 C00037 : C00065 C00101
R00946 : C00440 C00155 : C00101 C00073
R00985 : C00251 C00014 : C00001 C00022 C00108
R00986 : C00064 C00251 : C00022 C00025 C00108
R00994 : C00080 C00109 C00011 C00004 : C06032 C00003
R00996 : C00188 : C00109 C00014
R01001 : C00001 C02291 : C00109 C00097 C00014
R01015 : C00118 : C00111
R01049 : C00002 C00117 : C00020 C00119
R01056 : C00117 : C00199
R01061 : C00009 C00118 C00003 : C00236 C00080 C00004
R01063 : C00009 C00006 C00118 : C00236 C00005 C00080
R01067 : C00118 C00085 : C00279 C00231
R01068 : C00354 : C00118 C00111
R01071 : C02739 C00013 : C00119 C00002
R01073 : C04302 C00013 : C00119 C00108
R01086 : C03406 : C00122 C00062
R01090 : C00123 C00026 : C00233 C00025
R01158 : C00001 C00860 C00003 : C00080 C00135 C00004
R01213 : C02504 C00010 : C00024 C00001 C00141
R01214 : C00183 C00026 : C00025 C00141
R01248 : C00148 C00003 : C00080 C03912 C00004
R01251 : C00148 C00006 : C00080 C00005 C03912
R01286 : C00001 C02291 : C00022 C00155 C00014
R01290 : C00065 C00155 : C00001 C02291
R01291 : C03539 : C11838 C00155
R01324 : C00158 : C00311
R01373 : C00254 : C00001 C00166 C00011
R01398 : C00169 C00077 : C00327 C00009
R01466 : C00001 C01102 : C00188 C00009
R01512 : C00197 C00002 : C00236 C00008
R01513 : C00197 C00003 : C00080 C03232 C00004
R01518 : C00631 : C00197
R01529 : C00199 : C00231
R01641 : C05382 C00118 : C00231 C00117
R01714 : C01269 : C00251 C00009
R01715 : C00251 : C00254
R01728 : C00254 C00003 : C00080 C00011 C01179 C00004
R01730 : C00254 C00006 : C00080 C00005 C00011 C01179
R01731 : C00036 C00826 : C00049 C00254
R01771 : C00002 C00263 : C01102 C00008
R01773 : C00003 C00263 : C00080 C00441 C00004
R01775 : C00006 C00263 : C00080 C00005 C00441
R01777 : C00091 C00263 : C01118 C00010
R01795 : C00272 C00007 C00079 : C00001 C00268 C00082
R01826 : C00001 C00074 C00279 : C04691 C00009
R01934 : C05662 C00003 : C00080 C00011 C00322 C00004
R01939 : C00956 C00026 : C00025 C00322
R01954 : C00049 C00327 C00002 : C00020 C03406 C00013
R02199 : C00407 C00026 : C00671 C00025
R02282 : C00437 C00025 : C00077 C00624
R02283 : C00437 C00026 : C00025 C01250
R02291 : C00441 C00006 C00009 : C00080 C00005 C03082
R02315 : C00001 C00006 C00449 : C00080 C00005 C00025 C04076
R02412 : C00002 C00493 : C03175 C00008
R02413 : C00006 C00493 : C00080 C00005 C02637
R02649 : C00002 C00624 : C04133 C00008
R02722 : C00065 C03506 : C00001 C00118 C00078
R02733 : C00001 C04390 : C00033 C00666
R02734 : C00001 C04421 : C00042 C00666
R02735 : C00666 : C00680
R02755 : C00001 C00680 C00006 : C00080 C00005 C03871 C00014
R03013 : C00001 C01100 : C00860 C00009
R03083 : C04691 : C00009 C00944
R03084 : C00944 : C00001 C02637
R03132 : C00320 C00979 : C00033 C05824
R03243 : C00026 C01100 : C01267 C00025
R03260 : C00097 C01118 : C00042 C02291
R03313 : C01165 C00006 C00009 : C00080 C03287 C00005
R03314 : C01165 : C00001 C03912
R03443 : C00009 C00006 C01250 : C04133 C00005 C00080
R03444 : C01251 : C00001 C04002
R03457 : C04666 : C01267 C00001
R03460 : C03175 C00074 : C01269 C00009
R03508 : C01302 : C00001 C00011 C03506
R03509 : C04302 : C01302
R03896 : C02612 : C00001 C02226
R03898 : C00001 C02226 : C06032
R04035 : C00001 C02739 : C00013 C02741
R04037 : C00001 C02741 : C04896
R04173 : C01005 C00026 : C03232 C00025
R04198 : C03972 C00001 C00003 : C00080 C20258 C00004
R04199 : C03972 C00006 C00001 : C00080 C20258 C00005
R04336 : C03871 : C03972 C00001
R04364 : C03972 C00024 C00001 : C05539 C00010
R04365 : C03972 C00091 C00001 : C04462 C00010
R04371 : C05662 : C00001 C04002
R04405 : C04489 C00155 : C04144 C00073
R04440 : C00006 C04272 : C00080 C00005 C04181
R04441 : C04272 : C00001 C00141
R04467 : C00026 C04390 : C05539 C00025
R04475 : C00026 C04421 : C00025 C04462
R04558 : C00064 C04916 : C00025 C04677 C04666
R04640 : C04896 : C04916
R05068 : C00006 C06007 : C00080 C14463 C00005
R05069 : C06006 : C14463
R05070 : C06007 : C00671 C00001
R05071 : C06010 : C04181
R05338 : C00067 C00199 : C06019
R05339 : C06019 : C00085
R05805 : C00085 C00008 : C00020 C00354
R06977 : C00025 C00441 : C03283 C00026
R07159 : C00001 C00139 C00118 : C00197 C00080 C00138
R07245 : C00169 C00437 : C15532 C00009
R07274 : C00283 C01005 : C00097 C00009
R07276 : C00826 C00026 : C00254 C00025
R07399 : C00024 C00022 C00001 : C02612 C00010
R07613 : C00026 C00666 : C03972 C00025 C00001
R08575 : C05382 C00118 : C00279 C00085
R08648 : C00109 C00022 : C00011 C06006
R09107 : C00001 C15532 : C00327 C00033
R09720 : C01251 : C05662
R09775 : C00002 C00956 C19885 : C00008 C00009 C19886
R09776 : C00002 C19886 : C00008 C19887
R09777 : C00080 C00005 C19887 : C19888 C00006 C00009
R09778 : C19888 C00025 : C19889 C00026
R09779 : C00001 C19889 : C00047 C19885
R10052 : C04411 C00003 : C00233 C00011 C00080 C00004
R10147 : C00022 C00441 : C00001 C20258
R10170 : C04411 : C02504
R10305 : C00155 C00979 : C00033 C02291
R10404 : C00019 : C00021
R10409 : C07292 C05824 : C00097 C00094 C07293
R10929 : C00025 C00002 C19885 : C20948 C00009 C00008
R10930 : C20948 C00002 : C20949 C00008
R10931 : C00080 C00005 C20949 : C00006 C00009 C20950
R10932 : C00025 C20950 : C20951 C00026
R10933 : C00001 C20951 : C00077 C19885
R11679 : C00020 C00006 C00013 C04076 : C00080 C00005 C00002 C00956
