R00009 : C00027 : C00001 C00007
R00024 : C01182 C00011 C00001 : C00197
R00134 : C00058 C00006 : C00080 C00011 C00005
R00149 : C00002 C00001 C00014 C00011 : C00169 C00009 C00008
R00150 : C00002 C00014 C00288 : C00001 C00169 C00008
R00199 : C00002 C00001 C00022 : C00074 C00009 C00020
R00200 : C00002 C00022 : C00074 C00008
R00206 : C00002 C00009 C00022 : C00074 C00020 C00013
R00209 : C00010 C00003 C00022 : C00080 C00004 C00024 C00011
R00214 : C00149 C00003 : C00080 C00004 C00011 C00022
R00216 : C00006 C00149 : C00080 C00011 C00005 C00022
R00220 : C00065 : C00014 C00022
R00230 : C00024 C00009 : C00227 C00010
R00235 : C00002 C00033 C00010 : C00013 C00024 C00020
R00237 : C01011 : C00024 C00022
R00238 : C00024 : C00332 C00010
R00248 : C00025 C00006 C00001 : C00080 C00014 C00005 C00026
R00258 : C00041 C00026 : C00025 C00022
R00262 : C03618 : C00025
R00267 : C00006 C00311 : C00080 C00011 C00005 C00026
R00315 : C00002 C00033 : C00227 C00008
R00341 : C00002 C00036 : C00074 C00011 C00008
R00342 : C00149 C00003 : C00036 C00004 C00080
R00343 : C00006 C00149 : C00036 C00080 C00005
R00344 : C00002 C00288 C00022 : C00036 C00009 C00008
R00345 : C00036 C00009 : C00074 C00001 C00011
R00351 : C00158 C00010 : C00036 C00001 C00024
R00352 : C00002 C00158 C00010 : C00036 C00024 C00009 C00008
R00354 : C00566 : C00036 C00024
R00355 : C00049 C00026 : C00036 C00025
R00361 : C00149 C15602 : C00036 C15603
R00372 : C00037 C00026 : C00025 C00048
R00402 : C00042 C00003 : C00080 C00004 C00122
R00405 : C00002 C00042 C00010 : C00091 C00009 C00008
R00406 : C00091 C00149 : C04348 C00042
R00432 : C00044 C00042 C00010 : C00091 C00009 C00035
R00472 : C00149 C00010 : C00001 C00024 C00048
R00473 : C04348 : C00024 C00048
R00475 : C00160 C00007 : C00027 C00048
R00479 : C00311 : C00042 C00048
R00519 : C00058 C00003 : C00004 C00080 C00011
R00524 : C00001 C00488 : C00058 C00014
R00527 : C00001 C01031 : C00058 C00051
R00582 : C01005 C00001 : C00065 C00009
R00586 : C00065 C00024 : C00010 C00979
R00588 : C00065 C00048 : C00037 C00168
R00604 : C00067 C00001 C00003 : C00080 C00004 C00058
R00608 : C00132 C00007 : C00067 C00027
R00614 : C00067 C00001 : C00058 C00132
R00658 : C00631 : C00074 C00001
R00705 : C00003 C00222 C00010 : C00080 C00004 C00024 C00011
R00706 : C00006 C00222 C00010 : C00080 C00024 C00011 C00005
R00709 : C00003 C00311 : C00080 C00004 C00011 C00026
R00727 : C00010 C00042 C00081 : C00104 C00009 C00091
R00740 : C00006 C00222 C00010 : C00080 C00083 C00005
R00742 : C00002 C00024 C00288 : C00083 C00009 C00008
R00756 : C00002 C00085 : C00354 C00008
R00762 : C00001 C00354 : C00085 C00009
R00833 : C01213 : C00091
R00897 : C00283 C00979 : C00033 C00097
R00919 : C00006 C00100 : C00894 C00080 C00005
R00934 : C00100 C00048 : C06027
R00943 : C00101 C00002 C00058 : C00234 C00009 C00008
R00945 : C00001 C00037 C00143 : C00101 C00065
R01011 : C00002 C00184 : C00111 C00008
R01015 : C00118 : C00111
R01049 : C00002 C00117 : C00020 C00119
R01056 : C00117 : C00199
R01058 : C00001 C00118 C00006 : C00080 C00005 C00197
R01061 : C00118 C00009 C00003 : C00004 C00236 C00080
R01063 : C00118 C00006 C00009 : C00080 C00236 C00005
R01067 : C00118 C00085 : C00279 C00231
R01068 : C00354 : C00118 C00111
R01082 : C00149 : C00001 C00122
R01142 : C00080 C00004 C01438 C00007 : C00001 C00132 C00003
R01146 : C18233 C00132 : C18234 C00067 C00080
R01171 : C00003 C00136 : C00080 C00004 C00877
R01175 : C00016 C00136 : C01352 C00877
R01196 : C00080 C00024 C00138 C00011 : C00139 C00010 C00022
R01197 : C00080 C00091 C00138 C00011 : C00139 C00010 C00026
R01220 : C00006 C00143 : C00005 C00445
R01221 : C00101 C00037 C00003 : C00143 C00011 C00004 C00080 C00014
R01256 : C00002 C00149 C00010 : C04348 C00009 C00008
R01322 : C00002 C00158 C00010 : C00566 C00009 C00008
R01324 : C00158 : C00311
R01334 : C00001 C00988 : C00160 C00009
R01388 : C00258 C00003 : C00080 C00004 C00168
R01440 : C00067 C00231 : C00118 C00184
R01512 : C00002 C00197 : C00236 C00008
R01513 : C00197 C00003 : C00080 C00004 C03232
R01514 : C00002 C00258 : C00197 C00008
R01518 : C00631 : C00197
R01519 : C00001 C00198 : C00257
R01520 : C00221 C00003 : C00080 C00004 C00198
R01521 : C00006 C00221 : C00080 C00198 C00005
R01523 : C00002 C00199 : C01182 C00008
R01528 : C00345 C00006 : C00199 C00080 C00011 C00005
R01529 : C00199 : C00231
R01538 : C00257 : C00204 C00001
R01541 : C00002 C00204 : C04442 C00008
R01588 : C00543 C00001 C04253 : C00067 C04570 C00218
R01608 : C01013 C00003 : C00080 C00004 C00222
R01641 : C00118 C05382 : C00117 C00231
R01644 : C00989 C00003 : C00080 C00004 C00232
R01655 : C00001 C00445 : C00234 C00080
R01737 : C00002 C00257 : C00345 C00008
R01786 : C00002 C00267 : C00668 C00008
R01829 : C00447 : C00279 C00111
R01845 : C00447 C00001 : C00009 C05382
R01859 : C00002 C00288 C00100 : C00683 C00009 C00008
R01975 : C01144 C00003 : C00332 C00004 C00080
R01976 : C01144 C00006 : C00332 C00080 C00005
R01977 : C03561 C00006 : C00332 C00080 C00005
R02035 : C00001 C01236 : C00345
R02036 : C00345 : C04442 C00001
R02164 : C00042 C15602 : C00122 C15603
R02189 : C00267 C00404 : C00668 C00404
R02511 : C00001 C04253 C00565 : C00543 C00067 C04570
R02736 : C00006 C01172 : C00080 C00005 C01236
R02765 : C01213 : C00683
R03015 : C00139 C00001 C01001 : C00080 C00862 C00011 C00138
R03026 : C01144 : C00001 C00877
R03027 : C03561 : C00001 C00877
R03045 : C05668 : C00894 C00001
R03140 : C01182 C00007 : C00988 C00197
R03158 : C01013 C00010 : C05668 C00001
R03390 : C01217 C01001 : C00862 C01274
R03425 : C00037 C02051 : C01242 C00011
R03464 : C00001 C04330 : C00080 C01274
R03696 : C03618 : C01732 C00014
R03815 : C00003 C02972 : C00080 C00004 C02051
R04125 : C00101 C01242 : C00014 C00143 C02972
R04173 : C01005 C00026 : C00025 C03232
R04347 : C03576 C04488 C01330 : C01217 C01330 C03920
R04432 : C04253 C00100 : C00894 C04570
R04455 : C00282 C04330 : C00080 C04377
R04456 : C00080 C00876 C04377 : C01080 C04330
R04464 : C01080 C04377 : C00876 C04488
R04540 : C11904 C04832 : C03576 C11903 C04628
R04541 : C04628 C03920 : C04832 C01438
R05076 : C06027 : C00001 C06028
R05336 : C00989 C00024 : C00033 C11062
R05338 : C00199 C00067 : C06019
R05339 : C06019 : C00085
R05605 : C04442 : C00118 C00022
R05805 : C00085 C00008 : C00354 C00020
R06982 : C00067 C00051 : C14180
R06983 : C14180 C00003 : C00080 C00004 C01031
R07147 : C00006 C00031 : C00080 C00198 C00005
R07157 : C00237 C00001 C00139 : C00080 C00138 C00011
R07159 : C00139 C00001 C00118 : C00080 C00138 C00197
R07168 : C00440 C00003 : C00080 C00004 C00143
R08058 : C00067 C01217 : C00001 C04377
R08059 : C00006 C04377 : C04330 C00005
R08060 : C00001 C01001 : C00058 C00862
R08549 : C00010 C00003 C00026 : C00004 C00091 C00011 C00080
R08570 : C00204 : C00577 C00022
R08571 : C00139 C00001 C00577 : C00080 C00138 C00258
R08572 : C00002 C00258 : C00631 C00008
R08575 : C00118 C05382 : C00279 C00085
R09085 : C00267 C00008 : C00668 C00020
R09096 : C01217 C00024 : C00237 C04488 C00010
R09098 : C03576 C00132 : C00001 C03920
R09124 : C03576 C00565 : C00543 C03920
R09279 : C00002 C00989 C00010 : C00013 C11062 C00020
R09280 : C00080 C00091 C00005 : C00006 C00010 C00232
R09281 : C00989 C00006 : C00080 C00005 C00232
R09282 : C18323 C00001 : C01011
R09283 : C06028 : C18323
R09286 : C00013 C05668 C00020 : C00002 C01013 C00010
R09289 : C01013 C00006 : C00080 C00005 C00222
R09291 : C00006 C18026 : C00080 C00005 C00011 C00877
R09292 : C20238 : C18324
R09293 : C04253 C18324 : C04570 C06028
R09518 : C01438 C15603 C00007 : C00001 C15602 C00132
R09738 : C00006 C00136 : C00080 C00005 C00877
R09979 : C18026 : C20238
R09998 : C03576 C00218 : C00014 C03920
R09999 : C00543 C03576 : C03920 C00218
R10219 : C00024 C18802 : C00237 C18799 C00010
R10221 : C00345 C00003 : C00199 C00004 C00011 C00080
R10243 : C00101 C00024 : C00440 C00237 C00010
R10324 : C00001 C00577 C00028 : C00030 C00258
R10343 : C00033 C00091 : C00024 C00042
R10612 : C00001 C04348 : C00149 C00010
R10615 : C00001 C00577 C00006 : C00080 C00005 C00258
R10660 : C03576 C00122 C04628 : C04832 C00042
R10782 : C11062 : C00001 C00877
R10797 : C00058 C00876 : C01080 C00011
R10860 : C00001 C00118 C00003 : C00080 C00004 C00197
R10866 : C00010 C02869 C00022 : C00024 C02745 C00011
R10904 : C00091 C01732 : C00042 C06028
R10907 : C01172 C00003 : C00080 C00004 C01236
R11928 : C04628 C03576 C00080 C00876 C00138 : C00139 C01080 C04832
R11931 : C03576 C00139 C04628 : C00080 C04832 C00138
R11943 : C03576 C00080 C04628 C00138 : C00139 C04832 C00282
R11944 : C04628 C00011 C03576 C00080 C00138 : C00139 C00058 C04832
R12291 : C03576 C01330 C18799 : C03920 C01330 C18802
R12356 : C00100 C00007 : C00894 C00027
R12754 : C00282 C00011 : C00058
R13199 : C00668 : C00085
