R00238 : C00024 : C00332 C00010
R00742 : C00002 C00288 C00024 : C00008 C00009 C00083
R01175 : C00016 C00136 : C01352 C00877
R01177 : C00136 C00024 : C00010 C05269
R01274 : C00001 C00154 : C00249 C00010
R01278 : C00006 C00154 : C00080 C00005 C05272
R01279 : C00016 C00154 : C01352 C05272
R01280 : C00249 C00010 C00002 : C00020 C00154 C00013
R01624 : C00229 C00024 : C00010 C03939
R01626 : C00229 C00083 : C00010 C01209
R01706 : C05764 C00001 : C00249 C00229
R01923 : C00318 C00154 : C02990 C00010
R01975 : C00003 C01144 : C00332 C00004 C00080
R02222 : C00412 C00999 C00007 C00080 : C00996 C00001 C00510
R03026 : C01144 : C00001 C00877
R03370 : C00080 C00007 C04088 C00138 : C00139 C00001 C01203
R03776 : C00006 C01944 : C05276 C00005 C00080
R03777 : C00016 C01944 : C01352 C05276
R03778 : C00024 C01944 : C00010 C05265
R03814 : C00999 C00007 C02050 C00080 : C03035 C00001 C00996
R03856 : C00006 C01832 : C00005 C03221 C00080
R03857 : C00016 C01832 : C01352 C03221
R03858 : C01832 C00024 : C05261 C00010
R03989 : C02593 C00006 : C05273 C00005 C00080
R03990 : C00016 C02593 : C01352 C05273
R03991 : C02593 C00024 : C05259 C00010
R04170 : C05262 : C00001 C03221
R04355 : C01209 C03939 : C00229 C00011 C05744
R04428 : C04618 : C04246 C00001
R04429 : C05745 C00003 : C00004 C04246 C00080
R04430 : C05745 C00006 : C04246 C00005 C00080
R04533 : C00006 C04618 : C05744 C00005 C00080
R04534 : C00006 C04619 : C00005 C05753
R04535 : C04619 : C05754 C00001
R04536 : C00006 C04620 : C05750 C00005 C00080
R04537 : C04620 : C00001 C05751
R04543 : C00006 C04633 : C05762 C00005 C00080
R04544 : C04633 : C00001 C05763
R04566 : C00006 C04688 : C00080 C00005 C05759
R04568 : C04688 : C05760 C00001
R04724 : C00003 C05223 : C00004 C05758 C00080
R04725 : C00006 C05223 : C05758 C00005 C00080
R04726 : C01209 C05223 : C00229 C00011 C05759
R04737 : C05258 C00003 : C00004 C05259 C00080
R04738 : C05258 : C00001 C05272
R04739 : C00003 C05260 : C00004 C05261
R04740 : C05260 : C05273 C00001
R04741 : C00003 C05262 : C00004 C05263 C00080
R04742 : C00024 C05274 : C00010 C05263
R04743 : C00003 C05264 : C00004 C00080 C05265
R04744 : C05264 : C00001 C05275
R04745 : C00003 C05266 : C00004 C05267 C00080
R04746 : C05266 : C05276 C00001
R04747 : C05270 C00024 : C00010 C05267
R04748 : C05268 C00003 : C00004 C00080 C05269
R04749 : C05268 : C00001 C05271
R04751 : C00016 C05270 : C01352 C05271
R04753 : C00006 C05274 : C05275 C00005 C00080
R04754 : C00016 C05274 : C01352 C05275
R04952 : C05745 C01209 : C00229 C05746 C00011
R04953 : C00006 C05747 : C05746 C00005 C00080
R04954 : C05747 : C05748 C00001
R04955 : C05749 C00003 : C00004 C05748 C00080
R04956 : C05749 C00006 : C05748 C00005 C00080
R04957 : C05749 C01209 : C05750 C00229 C00011
R04958 : C00003 C05752 : C00004 C05751 C00080
R04959 : C00006 C05752 : C05751 C00005 C00080
R04960 : C01209 C05752 : C00229 C00011 C05753
R04961 : C05755 C00003 : C00004 C05754 C00080
R04962 : C05755 C00006 : C05754 C00005 C00080
R04963 : C05755 C01209 : C00229 C05756 C00011
R04964 : C00006 C05757 : C05756 C00005 C00080
R04965 : C05757 : C05758 C00001
R04966 : C05761 C00003 : C00004 C05760 C00080
R04967 : C05761 C00006 : C05760 C00005 C00080
R04968 : C05761 C01209 : C00229 C05762 C00011
R04969 : C05764 C00003 : C00004 C05763 C00080
R04970 : C05764 C00006 : C05763 C00005 C00080
R06985 : C05271 C00005 C00080 : C05270 C00006
R07758 : C00083 C00154 : C16216 C00010 C00011
R07759 : C16216 C00005 C00080 : C16217 C00006
R07760 : C16217 : C16218 C00001
R07761 : C16218 C00005 C00080 : C00412 C00006
R07762 : C05764 C01209 : C00229 C00011 C16219
R07763 : C16219 C00005 C00080 : C00006 C16220
R07764 : C16220 : C16221 C00001
R07765 : C00004 C16221 C00080 : C00003 C04088
R07933 : C00999 C16162 C00007 C00080 : C16163 C00001 C00996
R07934 : C00007 C16168 : C00027 C16374
R07935 : C16375 : C00001 C16374
R07936 : C16375 C00003 : C00004 C00080 C16376
R07937 : C00024 C16169 : C00010 C16376
R07950 : C00007 C16172 : C00027 C16387
R07951 : C16388 : C16387 C00001
R07952 : C00003 C16388 : C00004 C16389 C00080
R07953 : C16173 C00024 : C00010 C16389
R10700 : C00010 C05764 : C00229 C00154
R10707 : C01209 C00024 : C00010 C00011 C05744
R11043 : C00999 C00510 C00007 C00080 : C00001 C00996 C02050
R11059 : C03595 C00999 C00007 C00080 : C00001 C00996 C02249
R11060 : C16164 C00999 C00007 C00080 : C16165 C00001 C00996
R11110 : C00999 C00080 C00007 C16167 : C00001 C00996 C16168
R11111 : C16171 C00999 C00007 C00080 : C00001 C00996 C16172
R12048 : C00412 C00007 C00005 C00080 : C00006 C00001 C00510
R12167 : C00999 C00510 C00007 C00080 : C00001 C00996 C21935
R12168 : C00999 C00007 C16530 C00080 : C21937 C00001 C00996
R12169 : C21937 C00999 C00007 C00080 : C00001 C00996 C21939
R12170 : C00999 C16179 C00007 C00080 : C16164 C00001 C00996
R12171 : C16180 C00999 C00007 C00080 : C03595 C00001 C00996
R12205 : C00999 C00007 C02050 C00080 : C16162 C00001 C00996
R12300 : C00010 C00002 C00383 : C00083 C00020 C00013
