R00022 : C00001 C01674 : C00140
R00100 : C00996 C00004 : C00080 C00999 C00003
R00286 : C00001 C00003 C00029 : C00080 C00167 C00004
R00289 : C00075 C00103 : C00013 C00029
R00291 : C00029 : C00052
R00293 : C00029 : C00001 C04089
R00414 : C00001 C00043 : C00645 C00015
R00416 : C00075 C04501 : C00013 C00043
R00418 : C00043 : C00203
R00420 : C00043 : C01170
R00421 : C00001 C00003 C00043 : C00080 C00004 C04573
R00501 : C00003 C00052 C00001 : C00080 C00004 C00617
R00502 : C00075 C00446 : C00013 C00052
R00505 : C00052 : C03733
R00660 : C00074 C00043 : C04631 C00009
R00760 : C00095 C00002 : C00008 C00085
R00765 : C00001 C00352 : C00085 C00014
R00768 : C00064 C00085 : C00352 C00025
R00772 : C00275 : C00085
R00880 : C00001 C00003 C00096 : C00080 C00004 C00976
R00883 : C00636 C00035 : C00096 C00009
R00885 : C00044 C00636 : C00013 C00096
R00888 : C00096 : C01222 C00001
R00889 : C00096 : C02280
R00948 : C00002 C00103 : C00013 C00498
R00954 : C00044 C00103 : C00013 C00394
R00955 : C00446 C00029 : C00103 C00052
R00956 : C00103 C00063 : C00013 C00501
R00959 : C00103 : C00668
R01092 : C00984 C00002 : C00008 C00446
R01115 : C00080 C00007 C00128 C00999 : C00001 C00996 C03691
R01117 : C00270 C00063 : C00013 C00128
R01200 : C00001 C00140 : C00033 C00329
R01201 : C00002 C00140 : C00008 C00357
R01204 : C00329 C00024 : C00010 C00140
R01206 : C00001 C00461 : C00461 C00140
R01207 : C00140 : C00645
R01326 : C00159 C00002 : C00008 C00275
R01381 : C00075 C05385 : C00013 C00167
R01384 : C00167 : C00190 C00011
R01385 : C00167 : C00617
R01386 : C00167 : C00011 C01623
R01433 : C00181 C02352 : C00001 C02352
R01473 : C00935 : C00190
R01476 : C00191 C00002 : C00008 C05385
R01754 : C00002 C00259 : C00008 C03906
R01762 : C02474 C00001 : C02474 C00259
R01786 : C00002 C00267 : C00008 C00668
R01803 : C00007 C00270 C00999 C00080 : C00001 C00996 C03410
R01804 : C00270 C00009 : C00001 C00645 C00074
R01805 : C00001 C06241 : C00270 C00009
R01811 : C00270 : C00645 C00022
R01818 : C00275 : C00636
R01951 : C00044 C02985 : C00013 C00325
R01961 : C00002 C00329 : C00008 C00352
R01966 : C00329 C06023 : C00001 C06023
R01980 : C00002 C00333 : C00008 C04037
R02058 : C00352 C00024 : C00357 C00010
R02059 : C00357 C00001 : C00352 C00033
R02060 : C06156 : C00352
R02087 : C00357 : C04257
R02189 : C00404 C00267 : C00404 C00668
R02333 : C00001 C00461 : C00734 C00033
R02334 : C00001 C00461 : C00461 C01674
R02335 : C00461 C00043 : C00015 C00461
R02426 : C00501 : C01219 C00001
R02630 : C00159 C04261 : C00275 C00615
R02631 : C00329 C04261 : C00352 C00615
R02634 : C00013 C00617 : C00075 C04037
R02636 : C00617 : C00935 C00011
R02705 : C00645 C00002 : C00008 C04257
R02738 : C00031 C04261 : C00615 C00668
R02833 : C00001 C00734 : C00734 C06023
R03077 : C00075 C03906 : C00013 C00935
R03078 : C02474 C18094 : C02474 C00015
R03161 : C01019 C00002 : C00008 C02985
R03191 : C01050 C00003 : C00080 C00004 C04631
R03192 : C01050 C00006 : C00005 C04631 C00080
R03317 : C00001 C00003 C01170 : C00080 C00004 C06240
R03391 : C00001 C04297 C00003 : C00080 C01219 C00004
R03392 : C00001 C04297 C00006 : C00005 C01219 C00080
R03396 : C00003 C02977 : C01222 C00004 C00080
R03397 : C00003 C03117 : C01222 C00004 C00080
R03398 : C00006 C02977 : C01222 C00005 C00080
R03399 : C00006 C03117 : C01222 C00005 C00080
R03928 : C00190 C02352 : C00015 C02352
R04215 : C03410 C00063 : C00013 C03691
R04265 : C03598 C00006 : C00005 C04297 C00080
R04266 : C03598 : C03599
R04435 : C06241 C00009 : C04257 C00074 C00001
R04529 : C00026 C04630 : C00025 C04613
R05191 : C00617 : C00714 C00015
R05199 : C00140 C04261 : C00357 C00615
R05332 : C06156 C00024 : C04501 C00010
R05692 : C00325 C00006 : C01222 C00005 C00080
R05775 : C00094 C00029 : C00001 C11521
R06894 : C00001 C00203 C00003 : C00080 C00004 C13952
R07658 : C00167 C00003 : C00080 C00004 C00011 C16155
R07659 : C00025 C16155 : C16153 C00026
R07660 : C16153 C00234 : C00101 C16154
R07661 : C17556 C16154 : C16156 C00015
R07662 : C00001 C16156 : C16157 C00058
R07672 : C00096 : C15925
R08193 : C00357 : C04501
R08555 : C00357 C00256 : C00001 C16698
R08559 : C02713 C04261 : C00615 C16698
R08704 : C04089 : C17328
R08705 : C17328 C00005 C00080 : C02199 C00006
R08706 : C04573 : C13952
R08708 : C04297 : C17326
R08709 : C00080 C00004 C17326 : C17327 C00003
R08710 : C00005 C00080 C17326 : C17327 C00006
R08711 : C00005 C04297 C00080 : C00006 C01788
R08967 : C00002 C01132 : C00008 C18060
R08968 : C00002 C00140 : C00008 C04501
R09009 : C00935 : C18094
R09600 : C19725 : C19745
R09697 : C00043 : C00001 C19823
R09825 : C00026 C19961 : C00025 C19823
R09834 : C00001 C19971 : C19972 C00015
R09841 : C19972 C00001 C00074 : C20082 C00009
R09842 : C19961 C00024 : C00010 C19971
R09843 : C20082 C00063 : C00013 C20083
R09942 : C00009 C01674 : C04501 C00140
R10099 : C04630 C00024 : C20357 C00010
R10100 : C20359 C00024 : C19725 C00010
R10140 : C00003 C04573 : C00080 C00004 C20395
R10141 : C00025 C20395 : C00026 C20359
R10182 : C20418 C00063 : C00013 C20419
R10183 : C00075 C18060 : C00013 C00203
R10187 : C00001 C20357 : C00015 C20424
R10266 : C00043 : C00001 C04613
R10304 : C00001 C00074 C20424 : C20418 C00009
R10460 : C00026 C20638 : C01222 C00025
R10514 : C20638 C00024 : C20672 C00010
R11024 : C02713 C00002 : C00008 C21027
R11025 : C00075 C21027 : C00013 C01050
R11439 : C00275 C00001 C00074 : C21383 C00009
R11440 : C00001 C21383 : C20934 C00009
R11441 : C20934 C00063 : C00013 C21384
R11785 : C00001 C16698 : C02713 C00009
R12220 : C00352 : C06377
R12221 : C06377 : C22029
R12242 : C22029 C00024 : C18060 C00010
R12755 : C00001 C00002 C19769 : C00008 C16698
R12824 : C00216 C00002 : C00008 C16183
R12825 : C00044 C16183 : C00013 C17269
R13199 : C00668 : C00085
