R00005 : C01010 C00001 : C00011 C00014
R00008 : C06033 : C00022
R00010 : C01083 C00001 : C00031
R00013 : C00048 : C01146 C00011
R00022 : C01674 C00001 : C00140
R00024 : C01182 C00011 C00001 : C00197
R00025 : C18091 C00007 C01847 : C00084 C00088 C00061 C00001
R00028 : C00208 C00001 : C00031
R00031 : C00007 C00082 : C00355
R00032 : C02094 C00007 : C00376
R00033 : C00378 C00007 : C00027 C05856
R00036 : C00430 : C00931 C00001
R00045 : C00007 C00355 : C00822 C00001
R00048 : C04546 C00001 : C01089
R00066 : C04332 : C00255 C04732
R00068 : C00007 C00072 : C05422 C00001
R00070 : C05791 C00007 : C05795 C00001
R00072 : C05856 C00007 C00001 : C00027 C02892
R00073 : C00427 C00028 C00001 : C05956 C00030
R00074 : C01987 C00007 : C02161 C00001
R00075 : C00019 : C00170 C05324
R00084 : C00931 C00001 : C01024 C00014
R00086 : C00002 C00001 : C00008 C00009
R00087 : C00002 C00001 : C00020 C00013
R00089 : C00002 : C00575 C00013
R00093 : C00025 C00003 : C00064 C00026 C00004 C00080
R00095 : C00003 C00072 : C00004 C01041 C00080
R00097 : C00541 : C00992
R00099 : C00853 : C00541
R00102 : C00003 C00001 : C00153 C00301
R00103 : C00003 C00001 : C00020 C00455
R00104 : C00002 C00003 : C00008 C00006
R00111 : C00005 C05933 C00007 C00080 : C00006 C00533 C00327 C00001
R00112 : C00005 C00003 : C00006 C00004
R00114 : C00025 C00006 : C00064 C00026 C00005 C00080
R00115 : C00051 C00006 : C00127 C00005 C00080
R00120 : C00007 C00051 : C00127 C00027
R00122 : C00008 C00001 : C00020 C00009
R00125 : C01260 C00001 : C00008
R00126 : C00008 C00002 : C00009 C01260
R00127 : C00002 C00020 : C00008
R00128 : C03483 C00001 : C00002 C00009
R00130 : C00002 C00882 : C00008 C00010
R00131 : C00086 C00001 : C00011 C00014
R00134 : C00058 C00006 : C00011 C00005 C00080
R00135 : C00012 C00001 : C00148 C00012
R00137 : C00002 C00455 : C00013 C00003
R00143 : C00014 C00003 C00001 : C00192 C00004 C00080
R00148 : C00014 C00007 C00390 : C00192 C00001 C00399
R00149 : C00002 C00014 C00011 C00001 : C00008 C00009 C00169
